[2015-04-18 02:58:42] local.ERROR: exception 'PDOException' with message 'SQLSTATE[23000]: Integrity constraint violation: 19 NOT NULL constraint failed: articles.published_at' in C:\Users\esmallwood\PhpstormProjects\blog\vendor\laravel\framework\src\Illuminate\Database\Connection.php:358
Stack trace:
#0 C:\Users\esmallwood\PhpstormProjects\blog\vendor\laravel\framework\src\Illuminate\Database\Connection.php(358): PDOStatement->execute(Array)
#1 C:\Users\esmallwood\PhpstormProjects\blog\vendor\laravel\framework\src\Illuminate\Database\Connection.php(612): Illuminate\Database\Connection->Illuminate\Database\{closure}(Object(Illuminate\Database\SQLiteConnection), 'insert into "ar...', Array)
#2 C:\Users\esmallwood\PhpstormProjects\blog\vendor\laravel\framework\src\Illuminate\Database\Connection.php(576): Illuminate\Database\Connection->runQueryCallback('insert into "ar...', Array, Object(Closure))
#3 C:\Users\esmallwood\PhpstormProjects\blog\vendor\laravel\framework\src\Illuminate\Database\Connection.php(359): Illuminate\Database\Connection->run('insert into "ar...', Array, Object(Closure))
#4 C:\Users\esmallwood\PhpstormProjects\blog\vendor\laravel\framework\src\Illuminate\Database\Connection.php(316): Illuminate\Database\Connection->statement('insert into "ar...', Array)
#5 C:\Users\esmallwood\PhpstormProjects\blog\vendor\laravel\framework\src\Illuminate\Database\Query\Processors\Processor.php(30): Illuminate\Database\Connection->insert('insert into "ar...', Array)
#6 C:\Users\esmallwood\PhpstormProjects\blog\vendor\laravel\framework\src\Illuminate\Database\Query\Builder.php(1718): Illuminate\Database\Query\Processors\Processor->processInsertGetId(Object(Illuminate\Database\Query\Builder), 'insert into "ar...', Array, 'id')
#7 [internal function]: Illuminate\Database\Query\Builder->insertGetId(Array, 'id')
#8 C:\Users\esmallwood\PhpstormProjects\blog\vendor\laravel\framework\src\Illuminate\Database\Eloquent\Builder.php(933): call_user_func_array(Array, Array)
#9 C:\Users\esmallwood\PhpstormProjects\blog\vendor\laravel\framework\src\Illuminate\Database\Eloquent\Model.php(1608): Illuminate\Database\Eloquent\Builder->__call('insertGetId', Array)
#10 C:\Users\esmallwood\PhpstormProjects\blog\vendor\laravel\framework\src\Illuminate\Database\Eloquent\Model.php(1608): Illuminate\Database\Eloquent\Builder->insertGetId(Array, 'id')
#11 C:\Users\esmallwood\PhpstormProjects\blog\vendor\laravel\framework\src\Illuminate\Database\Eloquent\Model.php(1578): Illuminate\Database\Eloquent\Model->insertAndSetId(Object(Illuminate\Database\Eloquent\Builder), Array)
#12 C:\Users\esmallwood\PhpstormProjects\blog\vendor\laravel\framework\src\Illuminate\Database\Eloquent\Model.php(1484): Illuminate\Database\Eloquent\Model->performInsert(Object(Illuminate\Database\Eloquent\Builder), Array)
#13 C:\Users\esmallwood\PhpstormProjects\blog\vendor\laravel\framework\src\Illuminate\Database\Eloquent\Model.php(527): Illuminate\Database\Eloquent\Model->save()
#14 C:\Users\esmallwood\PhpstormProjects\blog\app\Http\Controllers\ArticlesController.php(27): Illuminate\Database\Eloquent\Model::create(Array)
#15 [internal function]: App\Http\Controllers\ArticlesController->store()
#16 C:\Users\esmallwood\PhpstormProjects\blog\vendor\laravel\framework\src\Illuminate\Routing\Controller.php(246): call_user_func_array(Array, Array)
#17 C:\Users\esmallwood\PhpstormProjects\blog\vendor\laravel\framework\src\Illuminate\Routing\ControllerDispatcher.php(162): Illuminate\Routing\Controller->callAction('store', Array)
#18 C:\Users\esmallwood\PhpstormProjects\blog\vendor\laravel\framework\src\Illuminate\Routing\ControllerDispatcher.php(107): Illuminate\Routing\ControllerDispatcher->call(Object(App\Http\Controllers\ArticlesController), Object(Illuminate\Routing\Route), 'store')
#19 [internal function]: Illuminate\Routing\ControllerDispatcher->Illuminate\Routing\{closure}(Object(Illuminate\Http\Request))
#20 C:\Users\esmallwood\PhpstormProjects\blog\vendor\laravel\framework\src\Illuminate\Pipeline\Pipeline.php(141): call_user_func(Object(Closure), Object(Illuminate\Http\Request))
#21 [internal function]: Illuminate\Pipeline\Pipeline->Illuminate\Pipeline\{closure}(Object(Illuminate\Http\Request))
#22 C:\Users\esmallwood\PhpstormProjects\blog\vendor\laravel\framework\src\Illuminate\Pipeline\Pipeline.php(101): call_user_func(Object(Closure), Object(Illuminate\Http\Request))
#23 C:\Users\esmallwood\PhpstormProjects\blog\vendor\laravel\framework\src\Illuminate\Routing\ControllerDispatcher.php(108): Illuminate\Pipeline\Pipeline->then(Object(Closure))
#24 C:\Users\esmallwood\PhpstormProjects\blog\vendor\laravel\framework\src\Illuminate\Routing\ControllerDispatcher.php(67): Illuminate\Routing\ControllerDispatcher->callWithinStack(Object(App\Http\Controllers\ArticlesController), Object(Illuminate\Routing\Route), Object(Illuminate\Http\Request), 'store')
#25 C:\Users\esmallwood\PhpstormProjects\blog\vendor\laravel\framework\src\Illuminate\Routing\Route.php(198): Illuminate\Routing\ControllerDispatcher->dispatch(Object(Illuminate\Routing\Route), Object(Illuminate\Http\Request), 'App\\Http\\Contro...', 'store')
#26 C:\Users\esmallwood\PhpstormProjects\blog\vendor\laravel\framework\src\Illuminate\Routing\Route.php(131): Illuminate\Routing\Route->runWithCustomDispatcher(Object(Illuminate\Http\Request))
#27 C:\Users\esmallwood\PhpstormProjects\blog\vendor\laravel\framework\src\Illuminate\Routing\Router.php(692): Illuminate\Routing\Route->run(Object(Illuminate\Http\Request))
#28 [internal function]: Illuminate\Routing\Router->Illuminate\Routing\{closure}(Object(Illuminate\Http\Request))
#29 C:\Users\esmallwood\PhpstormProjects\blog\vendor\laravel\framework\src\Illuminate\Pipeline\Pipeline.php(141): call_user_func(Object(Closure), Object(Illuminate\Http\Request))
#30 [internal function]: Illuminate\Pipeline\Pipeline->Illuminate\Pipeline\{closure}(Object(Illuminate\Http\Request))
#31 C:\Users\esmallwood\PhpstormProjects\blog\vendor\laravel\framework\src\Illuminate\Pipeline\Pipeline.php(101): call_user_func(Object(Closure), Object(Illuminate\Http\Request))
#32 C:\Users\esmallwood\PhpstormProjects\blog\vendor\laravel\framework\src\Illuminate\Routing\Router.php(694): Illuminate\Pipeline\Pipeline->then(Object(Closure))
#33 C:\Users\esmallwood\PhpstormProjects\blog\vendor\laravel\framework\src\Illuminate\Routing\Router.php(661): Illuminate\Routing\Router->runRouteWithinStack(Object(Illuminate\Routing\Route), Object(Illuminate\Http\Request))
#34 C:\Users\esmallwood\PhpstormProjects\blog\vendor\laravel\framework\src\Illuminate\Routing\Router.php(619): Illuminate\Routing\Router->dispatchToRoute(Object(Illuminate\Http\Request))
#35 C:\Users\esmallwood\PhpstormProjects\blog\vendor\laravel\framework\src\Illuminate\Foundation\Http\Kernel.php(214): Illuminate\Routing\Router->dispatch(Object(Illuminate\Http\Request))
#36 [internal function]: Illuminate\Foundation\Http\Kernel->Illuminate\Foundation\Http\{closure}(Object(Illuminate\Http\Request))
#37 C:\Users\esmallwood\PhpstormProjects\blog\vendor\laravel\framework\src\Illuminate\Pipeline\Pipeline.php(141): call_user_func(Object(Closure), Object(Illuminate\Http\Request))
#38 C:\Users\esmallwood\PhpstormProjects\blog\vendor\laravel\framework\src\Illuminate\Foundation\Http\Middleware\VerifyCsrfToken.php(43): Illuminate\Pipeline\Pipeline->Illuminate\Pipeline\{closure}(Object(Illuminate\Http\Request))
#39 C:\Users\esmallwood\PhpstormProjects\blog\app\Http\Middleware\VerifyCsrfToken.php(17): Illuminate\Foundation\Http\Middleware\VerifyCsrfToken->handle(Object(Illuminate\Http\Request), Object(Closure))
#40 C:\Users\esmallwood\PhpstormProjects\blog\vendor\laravel\framework\src\Illuminate\Pipeline\Pipeline.php(125): App\Http\Middleware\VerifyCsrfToken->handle(Object(Illuminate\Http\Request), Object(Closure))
#41 C:\Users\esmallwood\PhpstormProjects\blog\vendor\laravel\framework\src\Illuminate\View\Middleware\ShareErrorsFromSession.php(55): Illuminate\Pipeline\Pipeline->Illuminate\Pipeline\{closure}(Object(Illuminate\Http\Request))
#42 C:\Users\esmallwood\PhpstormProjects\blog\vendor\laravel\framework\src\Illuminate\Pipeline\Pipeline.php(125): Illuminate\View\Middleware\ShareErrorsFromSession->handle(Object(Illuminate\Http\Request), Object(Closure))
#43 C:\Users\esmallwood\PhpstormProjects\blog\vendor\laravel\framework\src\Illuminate\Session\Middleware\StartSession.php(61): Illuminate\Pipeline\Pipeline->Illuminate\Pipeline\{closure}(Object(Illuminate\Http\Request))
#44 C:\Users\esmallwood\PhpstormProjects\blog\vendor\laravel\framework\src\Illuminate\Pipeline\Pipeline.php(125): Illuminate\Session\Middleware\StartSession->handle(Object(Illuminate\Http\Request), Object(Closure))
#45 C:\Users\esmallwood\PhpstormProjects\blog\vendor\laravel\framework\src\Illuminate\Cookie\Middleware\AddQueuedCookiesToResponse.php(36): Illuminate\Pipeline\Pipeline->Illuminate\Pipeline\{closure}(Object(Illuminate\Http\Request))
#46 C:\Users\esmallwood\PhpstormProjects\blog\vendor\laravel\framework\src\Illuminate\Pipeline\Pipeline.php(125): Illuminate\Cookie\Middleware\AddQueuedCookiesToResponse->handle(Object(Illuminate\Http\Request), Object(Closure))
#47 C:\Users\esmallwood\PhpstormProjects\blog\vendor\laravel\framework\src\Illuminate\Cookie\Middleware\EncryptCookies.php(40): Illuminate\Pipeline\Pipeline->Illuminate\Pipeline\{closure}(Object(Illuminate\Http\Request))
#48 C:\Users\esmallwood\PhpstormProjects\blog\vendor\laravel\framework\src\Illuminate\Pipeline\Pipeline.php(125): Illuminate\Cookie\Middleware\EncryptCookies->handle(Object(Illuminate\Http\Request), Object(Closure))
#49 C:\Users\esmallwood\PhpstormProjects\blog\vendor\laravel\framework\src\Illuminate\Foundation\Http\Middleware\CheckForMaintenanceMode.php(42): Illuminate\Pipeline\Pipeline->Illuminate\Pipeline\{closure}(Object(Illuminate\Http\Request))
#50 C:\Users\esmallwood\PhpstormProjects\blog\vendor\laravel\framework\src\Illuminate\Pipeline\Pipeline.php(125): Illuminate\Foundation\Http\Middleware\CheckForMaintenanceMode->handle(Object(Illuminate\Http\Request), Object(Closure))
#51 [internal function]: Illuminate\Pipeline\Pipeline->Illuminate\Pipeline\{closure}(Object(Illuminate\Http\Request))
#52 C:\Users\esmallwood\PhpstormProjects\blog\vendor\laravel\framework\src\Illuminate\Pipeline\Pipeline.php(101): call_user_func(Object(Closure), Object(Illuminate\Http\Request))
#53 C:\Users\esmallwood\PhpstormProjects\blog\vendor\laravel\framework\src\Illuminate\Foundation\Http\Kernel.php(115): Illuminate\Pipeline\Pipeline->then(Object(Closure))
#54 C:\Users\esmallwood\PhpstormProjects\blog\vendor\laravel\framework\src\Illuminate\Foundation\Http\Kernel.php(84): Illuminate\Foundation\Http\Kernel->sendRequestThroughRouter(Object(Illuminate\Http\Request))
#55 C:\Users\esmallwood\PhpstormProjects\blog\public\index.php(53): Illuminate\Foundation\Http\Kernel->handle(Object(Illuminate\Http\Request))
#56 {main}

Next exception 'Illuminate\Database\QueryException' with message 'SQLSTATE[23000]: Integrity constraint violation: 19 NOT NULL constraint failed: articles.published_at (SQL: insert into "articles" ("title", "body", "updated_at", "created_at") values (New Article 4, This is it., 2015-04-18 02:58:42, 2015-04-18 02:58:42))' in C:\Users\esmallwood\PhpstormProjects\blog\vendor\laravel\framework\src\Illuminate\Database\Connection.php:620
Stack trace:
#0 C:\Users\esmallwood\PhpstormProjects\blog\vendor\laravel\framework\src\Illuminate\Database\Connection.php(576): Illuminate\Database\Connection->runQueryCallback('insert into "ar...', Array, Object(Closure))
#1 C:\Users\esmallwood\PhpstormProjects\blog\vendor\laravel\framework\src\Illuminate\Database\Connection.php(359): Illuminate\Database\Connection->run('insert into "ar...', Array, Object(Closure))
#2 C:\Users\esmallwood\PhpstormProjects\blog\vendor\laravel\framework\src\Illuminate\Database\Connection.php(316): Illuminate\Database\Connection->statement('insert into "ar...', Array)
#3 C:\Users\esmallwood\PhpstormProjects\blog\vendor\laravel\framework\src\Illuminate\Database\Query\Processors\Processor.php(30): Illuminate\Database\Connection->insert('insert into "ar...', Array)
#4 C:\Users\esmallwood\PhpstormProjects\blog\vendor\laravel\framework\src\Illuminate\Database\Query\Builder.php(1718): Illuminate\Database\Query\Processors\Processor->processInsertGetId(Object(Illuminate\Database\Query\Builder), 'insert into "ar...', Array, 'id')
#5 [internal function]: Illuminate\Database\Query\Builder->insertGetId(Array, 'id')
#6 C:\Users\esmallwood\PhpstormProjects\blog\vendor\laravel\framework\src\Illuminate\Database\Eloquent\Builder.php(933): call_user_func_array(Array, Array)
#7 C:\Users\esmallwood\PhpstormProjects\blog\vendor\laravel\framework\src\Illuminate\Database\Eloquent\Model.php(1608): Illuminate\Database\Eloquent\Builder->__call('insertGetId', Array)
#8 C:\Users\esmallwood\PhpstormProjects\blog\vendor\laravel\framework\src\Illuminate\Database\Eloquent\Model.php(1608): Illuminate\Database\Eloquent\Builder->insertGetId(Array, 'id')
#9 C:\Users\esmallwood\PhpstormProjects\blog\vendor\laravel\framework\src\Illuminate\Database\Eloquent\Model.php(1578): Illuminate\Database\Eloquent\Model->insertAndSetId(Object(Illuminate\Database\Eloquent\Builder), Array)
#10 C:\Users\esmallwood\PhpstormProjects\blog\vendor\laravel\framework\src\Illuminate\Database\Eloquent\Model.php(1484): Illuminate\Database\Eloquent\Model->performInsert(Object(Illuminate\Database\Eloquent\Builder), Array)
#11 C:\Users\esmallwood\PhpstormProjects\blog\vendor\laravel\framework\src\Illuminate\Database\Eloquent\Model.php(527): Illuminate\Database\Eloquent\Model->save()
#12 C:\Users\esmallwood\PhpstormProjects\blog\app\Http\Controllers\ArticlesController.php(27): Illuminate\Database\Eloquent\Model::create(Array)
#13 [internal function]: App\Http\Controllers\ArticlesController->store()
#14 C:\Users\esmallwood\PhpstormProjects\blog\vendor\laravel\framework\src\Illuminate\Routing\Controller.php(246): call_user_func_array(Array, Array)
#15 C:\Users\esmallwood\PhpstormProjects\blog\vendor\laravel\framework\src\Illuminate\Routing\ControllerDispatcher.php(162): Illuminate\Routing\Controller->callAction('store', Array)
#16 C:\Users\esmallwood\PhpstormProjects\blog\vendor\laravel\framework\src\Illuminate\Routing\ControllerDispatcher.php(107): Illuminate\Routing\ControllerDispatcher->call(Object(App\Http\Controllers\ArticlesController), Object(Illuminate\Routing\Route), 'store')
#17 [internal function]: Illuminate\Routing\ControllerDispatcher->Illuminate\Routing\{closure}(Object(Illuminate\Http\Request))
#18 C:\Users\esmallwood\PhpstormProjects\blog\vendor\laravel\framework\src\Illuminate\Pipeline\Pipeline.php(141): call_user_func(Object(Closure), Object(Illuminate\Http\Request))
#19 [internal function]: Illuminate\Pipeline\Pipeline->Illuminate\Pipeline\{closure}(Object(Illuminate\Http\Request))
#20 C:\Users\esmallwood\PhpstormProjects\blog\vendor\laravel\framework\src\Illuminate\Pipeline\Pipeline.php(101): call_user_func(Object(Closure), Object(Illuminate\Http\Request))
#21 C:\Users\esmallwood\PhpstormProjects\blog\vendor\laravel\framework\src\Illuminate\Routing\ControllerDispatcher.php(108): Illuminate\Pipeline\Pipeline->then(Object(Closure))
#22 C:\Users\esmallwood\PhpstormProjects\blog\vendor\laravel\framework\src\Illuminate\Routing\ControllerDispatcher.php(67): Illuminate\Routing\ControllerDispatcher->callWithinStack(Object(App\Http\Controllers\ArticlesController), Object(Illuminate\Routing\Route), Object(Illuminate\Http\Request), 'store')
#23 C:\Users\esmallwood\PhpstormProjects\blog\vendor\laravel\framework\src\Illuminate\Routing\Route.php(198): Illuminate\Routing\ControllerDispatcher->dispatch(Object(Illuminate\Routing\Route), Object(Illuminate\Http\Request), 'App\\Http\\Contro...', 'store')
#24 C:\Users\esmallwood\PhpstormProjects\blog\vendor\laravel\framework\src\Illuminate\Routing\Route.php(131): Illuminate\Routing\Route->runWithCustomDispatcher(Object(Illuminate\Http\Request))
#25 C:\Users\esmallwood\PhpstormProjects\blog\vendor\laravel\framework\src\Illuminate\Routing\Router.php(692): Illuminate\Routing\Route->run(Object(Illuminate\Http\Request))
#26 [internal function]: Illuminate\Routing\Router->Illuminate\Routing\{closure}(Object(Illuminate\Http\Request))
#27 C:\Users\esmallwood\PhpstormProjects\blog\vendor\laravel\framework\src\Illuminate\Pipeline\Pipeline.php(141): call_user_func(Object(Closure), Object(Illuminate\Http\Request))
#28 [internal function]: Illuminate\Pipeline\Pipeline->Illuminate\Pipeline\{closure}(Object(Illuminate\Http\Request))
#29 C:\Users\esmallwood\PhpstormProjects\blog\vendor\laravel\framework\src\Illuminate\Pipeline\Pipeline.php(101): call_user_func(Object(Closure), Object(Illuminate\Http\Request))
#30 C:\Users\esmallwood\PhpstormProjects\blog\vendor\laravel\framework\src\Illuminate\Routing\Router.php(694): Illuminate\Pipeline\Pipeline->then(Object(Closure))
#31 C:\Users\esmallwood\PhpstormProjects\blog\vendor\laravel\framework\src\Illuminate\Routing\Router.php(661): Illuminate\Routing\Router->runRouteWithinStack(Object(Illuminate\Routing\Route), Object(Illuminate\Http\Request))
#32 C:\Users\esmallwood\PhpstormProjects\blog\vendor\laravel\framework\src\Illuminate\Routing\Router.php(619): Illuminate\Routing\Router->dispatchToRoute(Object(Illuminate\Http\Request))
#33 C:\Users\esmallwood\PhpstormProjects\blog\vendor\laravel\framework\src\Illuminate\Foundation\Http\Kernel.php(214): Illuminate\Routing\Router->dispatch(Object(Illuminate\Http\Request))
#34 [internal function]: Illuminate\Foundation\Http\Kernel->Illuminate\Foundation\Http\{closure}(Object(Illuminate\Http\Request))
#35 C:\Users\esmallwood\PhpstormProjects\blog\vendor\laravel\framework\src\Illuminate\Pipeline\Pipeline.php(141): call_user_func(Object(Closure), Object(Illuminate\Http\Request))
#36 C:\Users\esmallwood\PhpstormProjects\blog\vendor\laravel\framework\src\Illuminate\Foundation\Http\Middleware\VerifyCsrfToken.php(43): Illuminate\Pipeline\Pipeline->Illuminate\Pipeline\{closure}(Object(Illuminate\Http\Request))
#37 C:\Users\esmallwood\PhpstormProjects\blog\app\Http\Middleware\VerifyCsrfToken.php(17): Illuminate\Foundation\Http\Middleware\VerifyCsrfToken->handle(Object(Illuminate\Http\Request), Object(Closure))
#38 C:\Users\esmallwood\PhpstormProjects\blog\vendor\laravel\framework\src\Illuminate\Pipeline\Pipeline.php(125): App\Http\Middleware\VerifyCsrfToken->handle(Object(Illuminate\Http\Request), Object(Closure))
#39 C:\Users\esmallwood\PhpstormProjects\blog\vendor\laravel\framework\src\Illuminate\View\Middleware\ShareErrorsFromSession.php(55): Illuminate\Pipeline\Pipeline->Illuminate\Pipeline\{closure}(Object(Illuminate\Http\Request))
#40 C:\Users\esmallwood\PhpstormProjects\blog\vendor\laravel\framework\src\Illuminate\Pipeline\Pipeline.php(125): Illuminate\View\Middleware\ShareErrorsFromSession->handle(Object(Illuminate\Http\Request), Object(Closure))
#41 C:\Users\esmallwood\PhpstormProjects\blog\vendor\laravel\framework\src\Illuminate\Session\Middleware\StartSession.php(61): Illuminate\Pipeline\Pipeline->Illuminate\Pipeline\{closure}(Object(Illuminate\Http\Request))
#42 C:\Users\esmallwood\PhpstormProjects\blog\vendor\laravel\framework\src\Illuminate\Pipeline\Pipeline.php(125): Illuminate\Session\Middleware\StartSession->handle(Object(Illuminate\Http\Request), Object(Closure))
#43 C:\Users\esmallwood\PhpstormProjects\blog\vendor\laravel\framework\src\Illuminate\Cookie\Middleware\AddQueuedCookiesToResponse.php(36): Illuminate\Pipeline\Pipeline->Illuminate\Pipeline\{closure}(Object(Illuminate\Http\Request))
#44 C:\Users\esmallwood\PhpstormProjects\blog\vendor\laravel\framework\src\Illuminate\Pipeline\Pipeline.php(125): Illuminate\Cookie\Middleware\AddQueuedCookiesToResponse->handle(Object(Illuminate\Http\Request), Object(Closure))
#45 C:\Users\esmallwood\PhpstormProjects\blog\vendor\laravel\framework\src\Illuminate\Cookie\Middleware\EncryptCookies.php(40): Illuminate\Pipeline\Pipeline->Illuminate\Pipeline\{closure}(Object(Illuminate\Http\Request))
#46 C:\Users\esmallwood\PhpstormProjects\blog\vendor\laravel\framework\src\Illuminate\Pipeline\Pipeline.php(125): Illuminate\Cookie\Middleware\EncryptCookies->handle(Object(Illuminate\Http\Request), Object(Closure))
#47 C:\Users\esmallwood\PhpstormProjects\blog\vendor\laravel\framework\src\Illuminate\Foundation\Http\Middleware\CheckForMaintenanceMode.php(42): Illuminate\Pipeline\Pipeline->Illuminate\Pipeline\{closure}(Object(Illuminate\Http\Request))
#48 C:\Users\esmallwood\PhpstormProjects\blog\vendor\laravel\framework\src\Illuminate\Pipeline\Pipeline.php(125): Illuminate\Foundation\Http\Middleware\CheckForMaintenanceMode->handle(Object(Illuminate\Http\Request), Object(Closure))
#49 [internal function]: Illuminate\Pipeline\Pipeline->Illuminate\Pipeline\{closure}(Object(Illuminate\Http\Request))
#50 C:\Users\esmallwood\PhpstormProjects\blog\vendor\laravel\framework\src\Illuminate\Pipeline\Pipeline.php(101): call_user_func(Object(Closure), Object(Illuminate\Http\Request))
#51 C:\Users\esmallwood\PhpstormProjects\blog\vendor\laravel\framework\src\Illuminate\Foundation\Http\Kernel.php(115): Illuminate\Pipeline\Pipeline->then(Object(Closure))
#52 C:\Users\esmallwood\PhpstormProjects\blog\vendor\laravel\framework\src\Illuminate\Foundation\Http\Kernel.php(84): Illuminate\Foundation\Http\Kernel->sendRequestThroughRouter(Object(Illuminate\Http\Request))
#53 C:\Users\esmallwood\PhpstormProjects\blog\public\index.php(53): Illuminate\Foundation\Http\Kernel->handle(Object(Illuminate\Http\Request))
#54 {main}  
[2015-04-18 03:02:30] local.ERROR: exception 'PDOException' with message 'SQLSTATE[23000]: Integrity constraint violation: 19 NOT NULL constraint failed: articles.published_at' in C:\Users\esmallwood\PhpstormProjects\blog\vendor\laravel\framework\src\Illuminate\Database\Connection.php:358
Stack trace:
#0 C:\Users\esmallwood\PhpstormProjects\blog\vendor\laravel\framework\src\Illuminate\Database\Connection.php(358): PDOStatement->execute(Array)
#1 C:\Users\esmallwood\PhpstormProjects\blog\vendor\laravel\framework\src\Illuminate\Database\Connection.php(612): Illuminate\Database\Connection->Illuminate\Database\{closure}(Object(Illuminate\Database\SQLiteConnection), 'insert into "ar...', Array)
#2 C:\Users\esmallwood\PhpstormProjects\blog\vendor\laravel\framework\src\Illuminate\Database\Connection.php(576): Illuminate\Database\Connection->runQueryCallback('insert into "ar...', Array, Object(Closure))
#3 C:\Users\esmallwood\PhpstormProjects\blog\vendor\laravel\framework\src\Illuminate\Database\Connection.php(359): Illuminate\Database\Connection->run('insert into "ar...', Array, Object(Closure))
#4 C:\Users\esmallwood\PhpstormProjects\blog\vendor\laravel\framework\src\Illuminate\Database\Connection.php(316): Illuminate\Database\Connection->statement('insert into "ar...', Array)
#5 C:\Users\esmallwood\PhpstormProjects\blog\vendor\laravel\framework\src\Illuminate\Database\Query\Processors\Processor.php(30): Illuminate\Database\Connection->insert('insert into "ar...', Array)
#6 C:\Users\esmallwood\PhpstormProjects\blog\vendor\laravel\framework\src\Illuminate\Database\Query\Builder.php(1718): Illuminate\Database\Query\Processors\Processor->processInsertGetId(Object(Illuminate\Database\Query\Builder), 'insert into "ar...', Array, 'id')
#7 [internal function]: Illuminate\Database\Query\Builder->insertGetId(Array, 'id')
#8 C:\Users\esmallwood\PhpstormProjects\blog\vendor\laravel\framework\src\Illuminate\Database\Eloquent\Builder.php(933): call_user_func_array(Array, Array)
#9 C:\Users\esmallwood\PhpstormProjects\blog\vendor\laravel\framework\src\Illuminate\Database\Eloquent\Model.php(1608): Illuminate\Database\Eloquent\Builder->__call('insertGetId', Array)
#10 C:\Users\esmallwood\PhpstormProjects\blog\vendor\laravel\framework\src\Illuminate\Database\Eloquent\Model.php(1608): Illuminate\Database\Eloquent\Builder->insertGetId(Array, 'id')
#11 C:\Users\esmallwood\PhpstormProjects\blog\vendor\laravel\framework\src\Illuminate\Database\Eloquent\Model.php(1578): Illuminate\Database\Eloquent\Model->insertAndSetId(Object(Illuminate\Database\Eloquent\Builder), Array)
#12 C:\Users\esmallwood\PhpstormProjects\blog\vendor\laravel\framework\src\Illuminate\Database\Eloquent\Model.php(1484): Illuminate\Database\Eloquent\Model->performInsert(Object(Illuminate\Database\Eloquent\Builder), Array)
#13 C:\Users\esmallwood\PhpstormProjects\blog\vendor\laravel\framework\src\Illuminate\Database\Eloquent\Model.php(527): Illuminate\Database\Eloquent\Model->save()
#14 C:\Users\esmallwood\PhpstormProjects\blog\app\Http\Controllers\ArticlesController.php(26): Illuminate\Database\Eloquent\Model::create(Array)
#15 [internal function]: App\Http\Controllers\ArticlesController->store()
#16 C:\Users\esmallwood\PhpstormProjects\blog\vendor\laravel\framework\src\Illuminate\Routing\Controller.php(246): call_user_func_array(Array, Array)
#17 C:\Users\esmallwood\PhpstormProjects\blog\vendor\laravel\framework\src\Illuminate\Routing\ControllerDispatcher.php(162): Illuminate\Routing\Controller->callAction('store', Array)
#18 C:\Users\esmallwood\PhpstormProjects\blog\vendor\laravel\framework\src\Illuminate\Routing\ControllerDispatcher.php(107): Illuminate\Routing\ControllerDispatcher->call(Object(App\Http\Controllers\ArticlesController), Object(Illuminate\Routing\Route), 'store')
#19 [internal function]: Illuminate\Routing\ControllerDispatcher->Illuminate\Routing\{closure}(Object(Illuminate\Http\Request))
#20 C:\Users\esmallwood\PhpstormProjects\blog\vendor\laravel\framework\src\Illuminate\Pipeline\Pipeline.php(141): call_user_func(Object(Closure), Object(Illuminate\Http\Request))
#21 [internal function]: Illuminate\Pipeline\Pipeline->Illuminate\Pipeline\{closure}(Object(Illuminate\Http\Request))
#22 C:\Users\esmallwood\PhpstormProjects\blog\vendor\laravel\framework\src\Illuminate\Pipeline\Pipeline.php(101): call_user_func(Object(Closure), Object(Illuminate\Http\Request))
#23 C:\Users\esmallwood\PhpstormProjects\blog\vendor\laravel\framework\src\Illuminate\Routing\ControllerDispatcher.php(108): Illuminate\Pipeline\Pipeline->then(Object(Closure))
#24 C:\Users\esmallwood\PhpstormProjects\blog\vendor\laravel\framework\src\Illuminate\Routing\ControllerDispatcher.php(67): Illuminate\Routing\ControllerDispatcher->callWithinStack(Object(App\Http\Controllers\ArticlesController), Object(Illuminate\Routing\Route), Object(Illuminate\Http\Request), 'store')
#25 C:\Users\esmallwood\PhpstormProjects\blog\vendor\laravel\framework\src\Illuminate\Routing\Route.php(198): Illuminate\Routing\ControllerDispatcher->dispatch(Object(Illuminate\Routing\Route), Object(Illuminate\Http\Request), 'App\\Http\\Contro...', 'store')
#26 C:\Users\esmallwood\PhpstormProjects\blog\vendor\laravel\framework\src\Illuminate\Routing\Route.php(131): Illuminate\Routing\Route->runWithCustomDispatcher(Object(Illuminate\Http\Request))
#27 C:\Users\esmallwood\PhpstormProjects\blog\vendor\laravel\framework\src\Illuminate\Routing\Router.php(692): Illuminate\Routing\Route->run(Object(Illuminate\Http\Request))
#28 [internal function]: Illuminate\Routing\Router->Illuminate\Routing\{closure}(Object(Illuminate\Http\Request))
#29 C:\Users\esmallwood\PhpstormProjects\blog\vendor\laravel\framework\src\Illuminate\Pipeline\Pipeline.php(141): call_user_func(Object(Closure), Object(Illuminate\Http\Request))
#30 [internal function]: Illuminate\Pipeline\Pipeline->Illuminate\Pipeline\{closure}(Object(Illuminate\Http\Request))
#31 C:\Users\esmallwood\PhpstormProjects\blog\vendor\laravel\framework\src\Illuminate\Pipeline\Pipeline.php(101): call_user_func(Object(Closure), Object(Illuminate\Http\Request))
#32 C:\Users\esmallwood\PhpstormProjects\blog\vendor\laravel\framework\src\Illuminate\Routing\Router.php(694): Illuminate\Pipeline\Pipeline->then(Object(Closure))
#33 C:\Users\esmallwood\PhpstormProjects\blog\vendor\laravel\framework\src\Illuminate\Routing\Router.php(661): Illuminate\Routing\Router->runRouteWithinStack(Object(Illuminate\Routing\Route), Object(Illuminate\Http\Request))
#34 C:\Users\esmallwood\PhpstormProjects\blog\vendor\laravel\framework\src\Illuminate\Routing\Router.php(619): Illuminate\Routing\Router->dispatchToRoute(Object(Illuminate\Http\Request))
#35 C:\Users\esmallwood\PhpstormProjects\blog\vendor\laravel\framework\src\Illuminate\Foundation\Http\Kernel.php(214): Illuminate\Routing\Router->dispatch(Object(Illuminate\Http\Request))
#36 [internal function]: Illuminate\Foundation\Http\Kernel->Illuminate\Foundation\Http\{closure}(Object(Illuminate\Http\Request))
#37 C:\Users\esmallwood\PhpstormProjects\blog\vendor\laravel\framework\src\Illuminate\Pipeline\Pipeline.php(141): call_user_func(Object(Closure), Object(Illuminate\Http\Request))
#38 C:\Users\esmallwood\PhpstormProjects\blog\vendor\laravel\framework\src\Illuminate\Foundation\Http\Middleware\VerifyCsrfToken.php(43): Illuminate\Pipeline\Pipeline->Illuminate\Pipeline\{closure}(Object(Illuminate\Http\Request))
#39 C:\Users\esmallwood\PhpstormProjects\blog\app\Http\Middleware\VerifyCsrfToken.php(17): Illuminate\Foundation\Http\Middleware\VerifyCsrfToken->handle(Object(Illuminate\Http\Request), Object(Closure))
#40 C:\Users\esmallwood\PhpstormProjects\blog\vendor\laravel\framework\src\Illuminate\Pipeline\Pipeline.php(125): App\Http\Middleware\VerifyCsrfToken->handle(Object(Illuminate\Http\Request), Object(Closure))
#41 C:\Users\esmallwood\PhpstormProjects\blog\vendor\laravel\framework\src\Illuminate\View\Middleware\ShareErrorsFromSession.php(55): Illuminate\Pipeline\Pipeline->Illuminate\Pipeline\{closure}(Object(Illuminate\Http\Request))
#42 C:\Users\esmallwood\PhpstormProjects\blog\vendor\laravel\framework\src\Illuminate\Pipeline\Pipeline.php(125): Illuminate\View\Middleware\ShareErrorsFromSession->handle(Object(Illuminate\Http\Request), Object(Closure))
#43 C:\Users\esmallwood\PhpstormProjects\blog\vendor\laravel\framework\src\Illuminate\Session\Middleware\StartSession.php(61): Illuminate\Pipeline\Pipeline->Illuminate\Pipeline\{closure}(Object(Illuminate\Http\Request))
#44 C:\Users\esmallwood\PhpstormProjects\blog\vendor\laravel\framework\src\Illuminate\Pipeline\Pipeline.php(125): Illuminate\Session\Middleware\StartSession->handle(Object(Illuminate\Http\Request), Object(Closure))
#45 C:\Users\esmallwood\PhpstormProjects\blog\vendor\laravel\framework\src\Illuminate\Cookie\Middleware\AddQueuedCookiesToResponse.php(36): Illuminate\Pipeline\Pipeline->Illuminate\Pipeline\{closure}(Object(Illuminate\Http\Request))
#46 C:\Users\esmallwood\PhpstormProjects\blog\vendor\laravel\framework\src\Illuminate\Pipeline\Pipeline.php(125): Illuminate\Cookie\Middleware\AddQueuedCookiesToResponse->handle(Object(Illuminate\Http\Request), Object(Closure))
#47 C:\Users\esmallwood\PhpstormProjects\blog\vendor\laravel\framework\src\Illuminate\Cookie\Middleware\EncryptCookies.php(40): Illuminate\Pipeline\Pipeline->Illuminate\Pipeline\{closure}(Object(Illuminate\Http\Request))
#48 C:\Users\esmallwood\PhpstormProjects\blog\vendor\laravel\framework\src\Illuminate\Pipeline\Pipeline.php(125): Illuminate\Cookie\Middleware\EncryptCookies->handle(Object(Illuminate\Http\Request), Object(Closure))
#49 C:\Users\esmallwood\PhpstormProjects\blog\vendor\laravel\framework\src\Illuminate\Foundation\Http\Middleware\CheckForMaintenanceMode.php(42): Illuminate\Pipeline\Pipeline->Illuminate\Pipeline\{closure}(Object(Illuminate\Http\Request))
#50 C:\Users\esmallwood\PhpstormProjects\blog\vendor\laravel\framework\src\Illuminate\Pipeline\Pipeline.php(125): Illuminate\Foundation\Http\Middleware\CheckForMaintenanceMode->handle(Object(Illuminate\Http\Request), Object(Closure))
#51 [internal function]: Illuminate\Pipeline\Pipeline->Illuminate\Pipeline\{closure}(Object(Illuminate\Http\Request))
#52 C:\Users\esmallwood\PhpstormProjects\blog\vendor\laravel\framework\src\Illuminate\Pipeline\Pipeline.php(101): call_user_func(Object(Closure), Object(Illuminate\Http\Request))
#53 C:\Users\esmallwood\PhpstormProjects\blog\vendor\laravel\framework\src\Illuminate\Foundation\Http\Kernel.php(115): Illuminate\Pipeline\Pipeline->then(Object(Closure))
#54 C:\Users\esmallwood\PhpstormProjects\blog\vendor\laravel\framework\src\Illuminate\Foundation\Http\Kernel.php(84): Illuminate\Foundation\Http\Kernel->sendRequestThroughRouter(Object(Illuminate\Http\Request))
#55 C:\Users\esmallwood\PhpstormProjects\blog\public\index.php(53): Illuminate\Foundation\Http\Kernel->handle(Object(Illuminate\Http\Request))
#56 {main}

Next exception 'Illuminate\Database\QueryException' with message 'SQLSTATE[23000]: Integrity constraint violation: 19 NOT NULL constraint failed: articles.published_at (SQL: insert into "articles" ("title", "body", "updated_at", "created_at") values (New Article 4, Test, 2015-04-18 03:02:30, 2015-04-18 03:02:30))' in C:\Users\esmallwood\PhpstormProjects\blog\vendor\laravel\framework\src\Illuminate\Database\Connection.php:620
Stack trace:
#0 C:\Users\esmallwood\PhpstormProjects\blog\vendor\laravel\framework\src\Illuminate\Database\Connection.php(576): Illuminate\Database\Connection->runQueryCallback('insert into "ar...', Array, Object(Closure))
#1 C:\Users\esmallwood\PhpstormProjects\blog\vendor\laravel\framework\src\Illuminate\Database\Connection.php(359): Illuminate\Database\Connection->run('insert into "ar...', Array, Object(Closure))
#2 C:\Users\esmallwood\PhpstormProjects\blog\vendor\laravel\framework\src\Illuminate\Database\Connection.php(316): Illuminate\Database\Connection->statement('insert into "ar...', Array)
#3 C:\Users\esmallwood\PhpstormProjects\blog\vendor\laravel\framework\src\Illuminate\Database\Query\Processors\Processor.php(30): Illuminate\Database\Connection->insert('insert into "ar...', Array)
#4 C:\Users\esmallwood\PhpstormProjects\blog\vendor\laravel\framework\src\Illuminate\Database\Query\Builder.php(1718): Illuminate\Database\Query\Processors\Processor->processInsertGetId(Object(Illuminate\Database\Query\Builder), 'insert into "ar...', Array, 'id')
#5 [internal function]: Illuminate\Database\Query\Builder->insertGetId(Array, 'id')
#6 C:\Users\esmallwood\PhpstormProjects\blog\vendor\laravel\framework\src\Illuminate\Database\Eloquent\Builder.php(933): call_user_func_array(Array, Array)
#7 C:\Users\esmallwood\PhpstormProjects\blog\vendor\laravel\framework\src\Illuminate\Database\Eloquent\Model.php(1608): Illuminate\Database\Eloquent\Builder->__call('insertGetId', Array)
#8 C:\Users\esmallwood\PhpstormProjects\blog\vendor\laravel\framework\src\Illuminate\Database\Eloquent\Model.php(1608): Illuminate\Database\Eloquent\Builder->insertGetId(Array, 'id')
#9 C:\Users\esmallwood\PhpstormProjects\blog\vendor\laravel\framework\src\Illuminate\Database\Eloquent\Model.php(1578): Illuminate\Database\Eloquent\Model->insertAndSetId(Object(Illuminate\Database\Eloquent\Builder), Array)
#10 C:\Users\esmallwood\PhpstormProjects\blog\vendor\laravel\framework\src\Illuminate\Database\Eloquent\Model.php(1484): Illuminate\Database\Eloquent\Model->performInsert(Object(Illuminate\Database\Eloquent\Builder), Array)
#11 C:\Users\esmallwood\PhpstormProjects\blog\vendor\laravel\framework\src\Illuminate\Database\Eloquent\Model.php(527): Illuminate\Database\Eloquent\Model->save()
#12 C:\Users\esmallwood\PhpstormProjects\blog\app\Http\Controllers\ArticlesController.php(26): Illuminate\Database\Eloquent\Model::create(Array)
#13 [internal function]: App\Http\Controllers\ArticlesController->store()
#14 C:\Users\esmallwood\PhpstormProjects\blog\vendor\laravel\framework\src\Illuminate\Routing\Controller.php(246): call_user_func_array(Array, Array)
#15 C:\Users\esmallwood\PhpstormProjects\blog\vendor\laravel\framework\src\Illuminate\Routing\ControllerDispatcher.php(162): Illuminate\Routing\Controller->callAction('store', Array)
#16 C:\Users\esmallwood\PhpstormProjects\blog\vendor\laravel\framework\src\Illuminate\Routing\ControllerDispatcher.php(107): Illuminate\Routing\ControllerDispatcher->call(Object(App\Http\Controllers\ArticlesController), Object(Illuminate\Routing\Route), 'store')
#17 [internal function]: Illuminate\Routing\ControllerDispatcher->Illuminate\Routing\{closure}(Object(Illuminate\Http\Request))
#18 C:\Users\esmallwood\PhpstormProjects\blog\vendor\laravel\framework\src\Illuminate\Pipeline\Pipeline.php(141): call_user_func(Object(Closure), Object(Illuminate\Http\Request))
#19 [internal function]: Illuminate\Pipeline\Pipeline->Illuminate\Pipeline\{closure}(Object(Illuminate\Http\Request))
#20 C:\Users\esmallwood\PhpstormProjects\blog\vendor\laravel\framework\src\Illuminate\Pipeline\Pipeline.php(101): call_user_func(Object(Closure), Object(Illuminate\Http\Request))
#21 C:\Users\esmallwood\PhpstormProjects\blog\vendor\laravel\framework\src\Illuminate\Routing\ControllerDispatcher.php(108): Illuminate\Pipeline\Pipeline->then(Object(Closure))
#22 C:\Users\esmallwood\PhpstormProjects\blog\vendor\laravel\framework\src\Illuminate\Routing\ControllerDispatcher.php(67): Illuminate\Routing\ControllerDispatcher->callWithinStack(Object(App\Http\Controllers\ArticlesController), Object(Illuminate\Routing\Route), Object(Illuminate\Http\Request), 'store')
#23 C:\Users\esmallwood\PhpstormProjects\blog\vendor\laravel\framework\src\Illuminate\Routing\Route.php(198): Illuminate\Routing\ControllerDispatcher->dispatch(Object(Illuminate\Routing\Route), Object(Illuminate\Http\Request), 'App\\Http\\Contro...', 'store')
#24 C:\Users\esmallwood\PhpstormProjects\blog\vendor\laravel\framework\src\Illuminate\Routing\Route.php(131): Illuminate\Routing\Route->runWithCustomDispatcher(Object(Illuminate\Http\Request))
#25 C:\Users\esmallwood\PhpstormProjects\blog\vendor\laravel\framework\src\Illuminate\Routing\Router.php(692): Illuminate\Routing\Route->run(Object(Illuminate\Http\Request))
#26 [internal function]: Illuminate\Routing\Router->Illuminate\Routing\{closure}(Object(Illuminate\Http\Request))
#27 C:\Users\esmallwood\PhpstormProjects\blog\vendor\laravel\framework\src\Illuminate\Pipeline\Pipeline.php(141): call_user_func(Object(Closure), Object(Illuminate\Http\Request))
#28 [internal function]: Illuminate\Pipeline\Pipeline->Illuminate\Pipeline\{closure}(Object(Illuminate\Http\Request))
#29 C:\Users\esmallwood\PhpstormProjects\blog\vendor\laravel\framework\src\Illuminate\Pipeline\Pipeline.php(101): call_user_func(Object(Closure), Object(Illuminate\Http\Request))
#30 C:\Users\esmallwood\PhpstormProjects\blog\vendor\laravel\framework\src\Illuminate\Routing\Router.php(694): Illuminate\Pipeline\Pipeline->then(Object(Closure))
#31 C:\Users\esmallwood\PhpstormProjects\blog\vendor\laravel\framework\src\Illuminate\Routing\Router.php(661): Illuminate\Routing\Router->runRouteWithinStack(Object(Illuminate\Routing\Route), Object(Illuminate\Http\Request))
#32 C:\Users\esmallwood\PhpstormProjects\blog\vendor\laravel\framework\src\Illuminate\Routing\Router.php(619): Illuminate\Routing\Router->dispatchToRoute(Object(Illuminate\Http\Request))
#33 C:\Users\esmallwood\PhpstormProjects\blog\vendor\laravel\framework\src\Illuminate\Foundation\Http\Kernel.php(214): Illuminate\Routing\Router->dispatch(Object(Illuminate\Http\Request))
#34 [internal function]: Illuminate\Foundation\Http\Kernel->Illuminate\Foundation\Http\{closure}(Object(Illuminate\Http\Request))
#35 C:\Users\esmallwood\PhpstormProjects\blog\vendor\laravel\framework\src\Illuminate\Pipeline\Pipeline.php(141): call_user_func(Object(Closure), Object(Illuminate\Http\Request))
#36 C:\Users\esmallwood\PhpstormProjects\blog\vendor\laravel\framework\src\Illuminate\Foundation\Http\Middleware\VerifyCsrfToken.php(43): Illuminate\Pipeline\Pipeline->Illuminate\Pipeline\{closure}(Object(Illuminate\Http\Request))
#37 C:\Users\esmallwood\PhpstormProjects\blog\app\Http\Middleware\VerifyCsrfToken.php(17): Illuminate\Foundation\Http\Middleware\VerifyCsrfToken->handle(Object(Illuminate\Http\Request), Object(Closure))
#38 C:\Users\esmallwood\PhpstormProjects\blog\vendor\laravel\framework\src\Illuminate\Pipeline\Pipeline.php(125): App\Http\Middleware\VerifyCsrfToken->handle(Object(Illuminate\Http\Request), Object(Closure))
#39 C:\Users\esmallwood\PhpstormProjects\blog\vendor\laravel\framework\src\Illuminate\View\Middleware\ShareErrorsFromSession.php(55): Illuminate\Pipeline\Pipeline->Illuminate\Pipeline\{closure}(Object(Illuminate\Http\Request))
#40 C:\Users\esmallwood\PhpstormProjects\blog\vendor\laravel\framework\src\Illuminate\Pipeline\Pipeline.php(125): Illuminate\View\Middleware\ShareErrorsFromSession->handle(Object(Illuminate\Http\Request), Object(Closure))
#41 C:\Users\esmallwood\PhpstormProjects\blog\vendor\laravel\framework\src\Illuminate\Session\Middleware\StartSession.php(61): Illuminate\Pipeline\Pipeline->Illuminate\Pipeline\{closure}(Object(Illuminate\Http\Request))
#42 C:\Users\esmallwood\PhpstormProjects\blog\vendor\laravel\framework\src\Illuminate\Pipeline\Pipeline.php(125): Illuminate\Session\Middleware\StartSession->handle(Object(Illuminate\Http\Request), Object(Closure))
#43 C:\Users\esmallwood\PhpstormProjects\blog\vendor\laravel\framework\src\Illuminate\Cookie\Middleware\AddQueuedCookiesToResponse.php(36): Illuminate\Pipeline\Pipeline->Illuminate\Pipeline\{closure}(Object(Illuminate\Http\Request))
#44 C:\Users\esmallwood\PhpstormProjects\blog\vendor\laravel\framework\src\Illuminate\Pipeline\Pipeline.php(125): Illuminate\Cookie\Middleware\AddQueuedCookiesToResponse->handle(Object(Illuminate\Http\Request), Object(Closure))
#45 C:\Users\esmallwood\PhpstormProjects\blog\vendor\laravel\framework\src\Illuminate\Cookie\Middleware\EncryptCookies.php(40): Illuminate\Pipeline\Pipeline->Illuminate\Pipeline\{closure}(Object(Illuminate\Http\Request))
#46 C:\Users\esmallwood\PhpstormProjects\blog\vendor\laravel\framework\src\Illuminate\Pipeline\Pipeline.php(125): Illuminate\Cookie\Middleware\EncryptCookies->handle(Object(Illuminate\Http\Request), Object(Closure))
#47 C:\Users\esmallwood\PhpstormProjects\blog\vendor\laravel\framework\src\Illuminate\Foundation\Http\Middleware\CheckForMaintenanceMode.php(42): Illuminate\Pipeline\Pipeline->Illuminate\Pipeline\{closure}(Object(Illuminate\Http\Request))
#48 C:\Users\esmallwood\PhpstormProjects\blog\vendor\laravel\framework\src\Illuminate\Pipeline\Pipeline.php(125): Illuminate\Foundation\Http\Middleware\CheckForMaintenanceMode->handle(Object(Illuminate\Http\Request), Object(Closure))
#49 [internal function]: Illuminate\Pipeline\Pipeline->Illuminate\Pipeline\{closure}(Object(Illuminate\Http\Request))
#50 C:\Users\esmallwood\PhpstormProjects\blog\vendor\laravel\framework\src\Illuminate\Pipeline\Pipeline.php(101): call_user_func(Object(Closure), Object(Illuminate\Http\Request))
#51 C:\Users\esmallwood\PhpstormProjects\blog\vendor\laravel\framework\src\Illuminate\Foundation\Http\Kernel.php(115): Illuminate\Pipeline\Pipeline->then(Object(Closure))
#52 C:\Users\esmallwood\PhpstormProjects\blog\vendor\laravel\framework\src\Illuminate\Foundation\Http\Kernel.php(84): Illuminate\Foundation\Http\Kernel->sendRequestThroughRouter(Object(Illuminate\Http\Request))
#53 C:\Users\esmallwood\PhpstormProjects\blog\public\index.php(53): Illuminate\Foundation\Http\Kernel->handle(Object(Illuminate\Http\Request))
#54 {main}  
[2015-04-18 03:07:45] local.ERROR: exception 'PDOException' with message 'SQLSTATE[23000]: Integrity constraint violation: 19 NOT NULL constraint failed: articles.published_at' in C:\Users\esmallwood\PhpstormProjects\blog\vendor\laravel\framework\src\Illuminate\Database\Connection.php:358
Stack trace:
#0 C:\Users\esmallwood\PhpstormProjects\blog\vendor\laravel\framework\src\Illuminate\Database\Connection.php(358): PDOStatement->execute(Array)
#1 C:\Users\esmallwood\PhpstormProjects\blog\vendor\laravel\framework\src\Illuminate\Database\Connection.php(612): Illuminate\Database\Connection->Illuminate\Database\{closure}(Object(Illuminate\Database\SQLiteConnection), 'insert into "ar...', Array)
#2 C:\Users\esmallwood\PhpstormProjects\blog\vendor\laravel\framework\src\Illuminate\Database\Connection.php(576): Illuminate\Database\Connection->runQueryCallback('insert into "ar...', Array, Object(Closure))
#3 C:\Users\esmallwood\PhpstormProjects\blog\vendor\laravel\framework\src\Illuminate\Database\Connection.php(359): Illuminate\Database\Connection->run('insert into "ar...', Array, Object(Closure))
#4 C:\Users\esmallwood\PhpstormProjects\blog\vendor\laravel\framework\src\Illuminate\Database\Connection.php(316): Illuminate\Database\Connection->statement('insert into "ar...', Array)
#5 C:\Users\esmallwood\PhpstormProjects\blog\vendor\laravel\framework\src\Illuminate\Database\Query\Processors\Processor.php(30): Illuminate\Database\Connection->insert('insert into "ar...', Array)
#6 C:\Users\esmallwood\PhpstormProjects\blog\vendor\laravel\framework\src\Illuminate\Database\Query\Builder.php(1718): Illuminate\Database\Query\Processors\Processor->processInsertGetId(Object(Illuminate\Database\Query\Builder), 'insert into "ar...', Array, 'id')
#7 [internal function]: Illuminate\Database\Query\Builder->insertGetId(Array, 'id')
#8 C:\Users\esmallwood\PhpstormProjects\blog\vendor\laravel\framework\src\Illuminate\Database\Eloquent\Builder.php(933): call_user_func_array(Array, Array)
#9 C:\Users\esmallwood\PhpstormProjects\blog\vendor\laravel\framework\src\Illuminate\Database\Eloquent\Model.php(1608): Illuminate\Database\Eloquent\Builder->__call('insertGetId', Array)
#10 C:\Users\esmallwood\PhpstormProjects\blog\vendor\laravel\framework\src\Illuminate\Database\Eloquent\Model.php(1608): Illuminate\Database\Eloquent\Builder->insertGetId(Array, 'id')
#11 C:\Users\esmallwood\PhpstormProjects\blog\vendor\laravel\framework\src\Illuminate\Database\Eloquent\Model.php(1578): Illuminate\Database\Eloquent\Model->insertAndSetId(Object(Illuminate\Database\Eloquent\Builder), Array)
#12 C:\Users\esmallwood\PhpstormProjects\blog\vendor\laravel\framework\src\Illuminate\Database\Eloquent\Model.php(1484): Illuminate\Database\Eloquent\Model->performInsert(Object(Illuminate\Database\Eloquent\Builder), Array)
#13 C:\Users\esmallwood\PhpstormProjects\blog\vendor\laravel\framework\src\Illuminate\Database\Eloquent\Model.php(527): Illuminate\Database\Eloquent\Model->save()
#14 C:\Users\esmallwood\PhpstormProjects\blog\app\Http\Controllers\ArticlesController.php(26): Illuminate\Database\Eloquent\Model::create(Array)
#15 [internal function]: App\Http\Controllers\ArticlesController->store()
#16 C:\Users\esmallwood\PhpstormProjects\blog\vendor\laravel\framework\src\Illuminate\Routing\Controller.php(246): call_user_func_array(Array, Array)
#17 C:\Users\esmallwood\PhpstormProjects\blog\vendor\laravel\framework\src\Illuminate\Routing\ControllerDispatcher.php(162): Illuminate\Routing\Controller->callAction('store', Array)
#18 C:\Users\esmallwood\PhpstormProjects\blog\vendor\laravel\framework\src\Illuminate\Routing\ControllerDispatcher.php(107): Illuminate\Routing\ControllerDispatcher->call(Object(App\Http\Controllers\ArticlesController), Object(Illuminate\Routing\Route), 'store')
#19 [internal function]: Illuminate\Routing\ControllerDispatcher->Illuminate\Routing\{closure}(Object(Illuminate\Http\Request))
#20 C:\Users\esmallwood\PhpstormProjects\blog\vendor\laravel\framework\src\Illuminate\Pipeline\Pipeline.php(141): call_user_func(Object(Closure), Object(Illuminate\Http\Request))
#21 [internal function]: Illuminate\Pipeline\Pipeline->Illuminate\Pipeline\{closure}(Object(Illuminate\Http\Request))
#22 C:\Users\esmallwood\PhpstormProjects\blog\vendor\laravel\framework\src\Illuminate\Pipeline\Pipeline.php(101): call_user_func(Object(Closure), Object(Illuminate\Http\Request))
#23 C:\Users\esmallwood\PhpstormProjects\blog\vendor\laravel\framework\src\Illuminate\Routing\ControllerDispatcher.php(108): Illuminate\Pipeline\Pipeline->then(Object(Closure))
#24 C:\Users\esmallwood\PhpstormProjects\blog\vendor\laravel\framework\src\Illuminate\Routing\ControllerDispatcher.php(67): Illuminate\Routing\ControllerDispatcher->callWithinStack(Object(App\Http\Controllers\ArticlesController), Object(Illuminate\Routing\Route), Object(Illuminate\Http\Request), 'store')
#25 C:\Users\esmallwood\PhpstormProjects\blog\vendor\laravel\framework\src\Illuminate\Routing\Route.php(198): Illuminate\Routing\ControllerDispatcher->dispatch(Object(Illuminate\Routing\Route), Object(Illuminate\Http\Request), 'App\\Http\\Contro...', 'store')
#26 C:\Users\esmallwood\PhpstormProjects\blog\vendor\laravel\framework\src\Illuminate\Routing\Route.php(131): Illuminate\Routing\Route->runWithCustomDispatcher(Object(Illuminate\Http\Request))
#27 C:\Users\esmallwood\PhpstormProjects\blog\vendor\laravel\framework\src\Illuminate\Routing\Router.php(692): Illuminate\Routing\Route->run(Object(Illuminate\Http\Request))
#28 [internal function]: Illuminate\Routing\Router->Illuminate\Routing\{closure}(Object(Illuminate\Http\Request))
#29 C:\Users\esmallwood\PhpstormProjects\blog\vendor\laravel\framework\src\Illuminate\Pipeline\Pipeline.php(141): call_user_func(Object(Closure), Object(Illuminate\Http\Request))
#30 [internal function]: Illuminate\Pipeline\Pipeline->Illuminate\Pipeline\{closure}(Object(Illuminate\Http\Request))
#31 C:\Users\esmallwood\PhpstormProjects\blog\vendor\laravel\framework\src\Illuminate\Pipeline\Pipeline.php(101): call_user_func(Object(Closure), Object(Illuminate\Http\Request))
#32 C:\Users\esmallwood\PhpstormProjects\blog\vendor\laravel\framework\src\Illuminate\Routing\Router.php(694): Illuminate\Pipeline\Pipeline->then(Object(Closure))
#33 C:\Users\esmallwood\PhpstormProjects\blog\vendor\laravel\framework\src\Illuminate\Routing\Router.php(661): Illuminate\Routing\Router->runRouteWithinStack(Object(Illuminate\Routing\Route), Object(Illuminate\Http\Request))
#34 C:\Users\esmallwood\PhpstormProjects\blog\vendor\laravel\framework\src\Illuminate\Routing\Router.php(619): Illuminate\Routing\Router->dispatchToRoute(Object(Illuminate\Http\Request))
#35 C:\Users\esmallwood\PhpstormProjects\blog\vendor\laravel\framework\src\Illuminate\Foundation\Http\Kernel.php(214): Illuminate\Routing\Router->dispatch(Object(Illuminate\Http\Request))
#36 [internal function]: Illuminate\Foundation\Http\Kernel->Illuminate\Foundation\Http\{closure}(Object(Illuminate\Http\Request))
#37 C:\Users\esmallwood\PhpstormProjects\blog\vendor\laravel\framework\src\Illuminate\Pipeline\Pipeline.php(141): call_user_func(Object(Closure), Object(Illuminate\Http\Request))
#38 C:\Users\esmallwood\PhpstormProjects\blog\vendor\laravel\framework\src\Illuminate\Foundation\Http\Middleware\VerifyCsrfToken.php(43): Illuminate\Pipeline\Pipeline->Illuminate\Pipeline\{closure}(Object(Illuminate\Http\Request))
#39 C:\Users\esmallwood\PhpstormProjects\blog\app\Http\Middleware\VerifyCsrfToken.php(17): Illuminate\Foundation\Http\Middleware\VerifyCsrfToken->handle(Object(Illuminate\Http\Request), Object(Closure))
#40 C:\Users\esmallwood\PhpstormProjects\blog\vendor\laravel\framework\src\Illuminate\Pipeline\Pipeline.php(125): App\Http\Middleware\VerifyCsrfToken->handle(Object(Illuminate\Http\Request), Object(Closure))
#41 C:\Users\esmallwood\PhpstormProjects\blog\vendor\laravel\framework\src\Illuminate\View\Middleware\ShareErrorsFromSession.php(55): Illuminate\Pipeline\Pipeline->Illuminate\Pipeline\{closure}(Object(Illuminate\Http\Request))
#42 C:\Users\esmallwood\PhpstormProjects\blog\vendor\laravel\framework\src\Illuminate\Pipeline\Pipeline.php(125): Illuminate\View\Middleware\ShareErrorsFromSession->handle(Object(Illuminate\Http\Request), Object(Closure))
#43 C:\Users\esmallwood\PhpstormProjects\blog\vendor\laravel\framework\src\Illuminate\Session\Middleware\StartSession.php(61): Illuminate\Pipeline\Pipeline->Illuminate\Pipeline\{closure}(Object(Illuminate\Http\Request))
#44 C:\Users\esmallwood\PhpstormProjects\blog\vendor\laravel\framework\src\Illuminate\Pipeline\Pipeline.php(125): Illuminate\Session\Middleware\StartSession->handle(Object(Illuminate\Http\Request), Object(Closure))
#45 C:\Users\esmallwood\PhpstormProjects\blog\vendor\laravel\framework\src\Illuminate\Cookie\Middleware\AddQueuedCookiesToResponse.php(36): Illuminate\Pipeline\Pipeline->Illuminate\Pipeline\{closure}(Object(Illuminate\Http\Request))
#46 C:\Users\esmallwood\PhpstormProjects\blog\vendor\laravel\framework\src\Illuminate\Pipeline\Pipeline.php(125): Illuminate\Cookie\Middleware\AddQueuedCookiesToResponse->handle(Object(Illuminate\Http\Request), Object(Closure))
#47 C:\Users\esmallwood\PhpstormProjects\blog\vendor\laravel\framework\src\Illuminate\Cookie\Middleware\EncryptCookies.php(40): Illuminate\Pipeline\Pipeline->Illuminate\Pipeline\{closure}(Object(Illuminate\Http\Request))
#48 C:\Users\esmallwood\PhpstormProjects\blog\vendor\laravel\framework\src\Illuminate\Pipeline\Pipeline.php(125): Illuminate\Cookie\Middleware\EncryptCookies->handle(Object(Illuminate\Http\Request), Object(Closure))
#49 C:\Users\esmallwood\PhpstormProjects\blog\vendor\laravel\framework\src\Illuminate\Foundation\Http\Middleware\CheckForMaintenanceMode.php(42): Illuminate\Pipeline\Pipeline->Illuminate\Pipeline\{closure}(Object(Illuminate\Http\Request))
#50 C:\Users\esmallwood\PhpstormProjects\blog\vendor\laravel\framework\src\Illuminate\Pipeline\Pipeline.php(125): Illuminate\Foundation\Http\Middleware\CheckForMaintenanceMode->handle(Object(Illuminate\Http\Request), Object(Closure))
#51 [internal function]: Illuminate\Pipeline\Pipeline->Illuminate\Pipeline\{closure}(Object(Illuminate\Http\Request))
#52 C:\Users\esmallwood\PhpstormProjects\blog\vendor\laravel\framework\src\Illuminate\Pipeline\Pipeline.php(101): call_user_func(Object(Closure), Object(Illuminate\Http\Request))
#53 C:\Users\esmallwood\PhpstormProjects\blog\vendor\laravel\framework\src\Illuminate\Foundation\Http\Kernel.php(115): Illuminate\Pipeline\Pipeline->then(Object(Closure))
#54 C:\Users\esmallwood\PhpstormProjects\blog\vendor\laravel\framework\src\Illuminate\Foundation\Http\Kernel.php(84): Illuminate\Foundation\Http\Kernel->sendRequestThroughRouter(Object(Illuminate\Http\Request))
#55 C:\Users\esmallwood\PhpstormProjects\blog\public\index.php(53): Illuminate\Foundation\Http\Kernel->handle(Object(Illuminate\Http\Request))
#56 {main}

Next exception 'Illuminate\Database\QueryException' with message 'SQLSTATE[23000]: Integrity constraint violation: 19 NOT NULL constraint failed: articles.published_at (SQL: insert into "articles" ("title", "body", "updated_at", "created_at") values (Test, Body, 2015-04-18 03:07:45, 2015-04-18 03:07:45))' in C:\Users\esmallwood\PhpstormProjects\blog\vendor\laravel\framework\src\Illuminate\Database\Connection.php:620
Stack trace:
#0 C:\Users\esmallwood\PhpstormProjects\blog\vendor\laravel\framework\src\Illuminate\Database\Connection.php(576): Illuminate\Database\Connection->runQueryCallback('insert into "ar...', Array, Object(Closure))
#1 C:\Users\esmallwood\PhpstormProjects\blog\vendor\laravel\framework\src\Illuminate\Database\Connection.php(359): Illuminate\Database\Connection->run('insert into "ar...', Array, Object(Closure))
#2 C:\Users\esmallwood\PhpstormProjects\blog\vendor\laravel\framework\src\Illuminate\Database\Connection.php(316): Illuminate\Database\Connection->statement('insert into "ar...', Array)
#3 C:\Users\esmallwood\PhpstormProjects\blog\vendor\laravel\framework\src\Illuminate\Database\Query\Processors\Processor.php(30): Illuminate\Database\Connection->insert('insert into "ar...', Array)
#4 C:\Users\esmallwood\PhpstormProjects\blog\vendor\laravel\framework\src\Illuminate\Database\Query\Builder.php(1718): Illuminate\Database\Query\Processors\Processor->processInsertGetId(Object(Illuminate\Database\Query\Builder), 'insert into "ar...', Array, 'id')
#5 [internal function]: Illuminate\Database\Query\Builder->insertGetId(Array, 'id')
#6 C:\Users\esmallwood\PhpstormProjects\blog\vendor\laravel\framework\src\Illuminate\Database\Eloquent\Builder.php(933): call_user_func_array(Array, Array)
#7 C:\Users\esmallwood\PhpstormProjects\blog\vendor\laravel\framework\src\Illuminate\Database\Eloquent\Model.php(1608): Illuminate\Database\Eloquent\Builder->__call('insertGetId', Array)
#8 C:\Users\esmallwood\PhpstormProjects\blog\vendor\laravel\framework\src\Illuminate\Database\Eloquent\Model.php(1608): Illuminate\Database\Eloquent\Builder->insertGetId(Array, 'id')
#9 C:\Users\esmallwood\PhpstormProjects\blog\vendor\laravel\framework\src\Illuminate\Database\Eloquent\Model.php(1578): Illuminate\Database\Eloquent\Model->insertAndSetId(Object(Illuminate\Database\Eloquent\Builder), Array)
#10 C:\Users\esmallwood\PhpstormProjects\blog\vendor\laravel\framework\src\Illuminate\Database\Eloquent\Model.php(1484): Illuminate\Database\Eloquent\Model->performInsert(Object(Illuminate\Database\Eloquent\Builder), Array)
#11 C:\Users\esmallwood\PhpstormProjects\blog\vendor\laravel\framework\src\Illuminate\Database\Eloquent\Model.php(527): Illuminate\Database\Eloquent\Model->save()
#12 C:\Users\esmallwood\PhpstormProjects\blog\app\Http\Controllers\ArticlesController.php(26): Illuminate\Database\Eloquent\Model::create(Array)
#13 [internal function]: App\Http\Controllers\ArticlesController->store()
#14 C:\Users\esmallwood\PhpstormProjects\blog\vendor\laravel\framework\src\Illuminate\Routing\Controller.php(246): call_user_func_array(Array, Array)
#15 C:\Users\esmallwood\PhpstormProjects\blog\vendor\laravel\framework\src\Illuminate\Routing\ControllerDispatcher.php(162): Illuminate\Routing\Controller->callAction('store', Array)
#16 C:\Users\esmallwood\PhpstormProjects\blog\vendor\laravel\framework\src\Illuminate\Routing\ControllerDispatcher.php(107): Illuminate\Routing\ControllerDispatcher->call(Object(App\Http\Controllers\ArticlesController), Object(Illuminate\Routing\Route), 'store')
#17 [internal function]: Illuminate\Routing\ControllerDispatcher->Illuminate\Routing\{closure}(Object(Illuminate\Http\Request))
#18 C:\Users\esmallwood\PhpstormProjects\blog\vendor\laravel\framework\src\Illuminate\Pipeline\Pipeline.php(141): call_user_func(Object(Closure), Object(Illuminate\Http\Request))
#19 [internal function]: Illuminate\Pipeline\Pipeline->Illuminate\Pipeline\{closure}(Object(Illuminate\Http\Request))
#20 C:\Users\esmallwood\PhpstormProjects\blog\vendor\laravel\framework\src\Illuminate\Pipeline\Pipeline.php(101): call_user_func(Object(Closure), Object(Illuminate\Http\Request))
#21 C:\Users\esmallwood\PhpstormProjects\blog\vendor\laravel\framework\src\Illuminate\Routing\ControllerDispatcher.php(108): Illuminate\Pipeline\Pipeline->then(Object(Closure))
#22 C:\Users\esmallwood\PhpstormProjects\blog\vendor\laravel\framework\src\Illuminate\Routing\ControllerDispatcher.php(67): Illuminate\Routing\ControllerDispatcher->callWithinStack(Object(App\Http\Controllers\ArticlesController), Object(Illuminate\Routing\Route), Object(Illuminate\Http\Request), 'store')
#23 C:\Users\esmallwood\PhpstormProjects\blog\vendor\laravel\framework\src\Illuminate\Routing\Route.php(198): Illuminate\Routing\ControllerDispatcher->dispatch(Object(Illuminate\Routing\Route), Object(Illuminate\Http\Request), 'App\\Http\\Contro...', 'store')
#24 C:\Users\esmallwood\PhpstormProjects\blog\vendor\laravel\framework\src\Illuminate\Routing\Route.php(131): Illuminate\Routing\Route->runWithCustomDispatcher(Object(Illuminate\Http\Request))
#25 C:\Users\esmallwood\PhpstormProjects\blog\vendor\laravel\framework\src\Illuminate\Routing\Router.php(692): Illuminate\Routing\Route->run(Object(Illuminate\Http\Request))
#26 [internal function]: Illuminate\Routing\Router->Illuminate\Routing\{closure}(Object(Illuminate\Http\Request))
#27 C:\Users\esmallwood\PhpstormProjects\blog\vendor\laravel\framework\src\Illuminate\Pipeline\Pipeline.php(141): call_user_func(Object(Closure), Object(Illuminate\Http\Request))
#28 [internal function]: Illuminate\Pipeline\Pipeline->Illuminate\Pipeline\{closure}(Object(Illuminate\Http\Request))
#29 C:\Users\esmallwood\PhpstormProjects\blog\vendor\laravel\framework\src\Illuminate\Pipeline\Pipeline.php(101): call_user_func(Object(Closure), Object(Illuminate\Http\Request))
#30 C:\Users\esmallwood\PhpstormProjects\blog\vendor\laravel\framework\src\Illuminate\Routing\Router.php(694): Illuminate\Pipeline\Pipeline->then(Object(Closure))
#31 C:\Users\esmallwood\PhpstormProjects\blog\vendor\laravel\framework\src\Illuminate\Routing\Router.php(661): Illuminate\Routing\Router->runRouteWithinStack(Object(Illuminate\Routing\Route), Object(Illuminate\Http\Request))
#32 C:\Users\esmallwood\PhpstormProjects\blog\vendor\laravel\framework\src\Illuminate\Routing\Router.php(619): Illuminate\Routing\Router->dispatchToRoute(Object(Illuminate\Http\Request))
#33 C:\Users\esmallwood\PhpstormProjects\blog\vendor\laravel\framework\src\Illuminate\Foundation\Http\Kernel.php(214): Illuminate\Routing\Router->dispatch(Object(Illuminate\Http\Request))
#34 [internal function]: Illuminate\Foundation\Http\Kernel->Illuminate\Foundation\Http\{closure}(Object(Illuminate\Http\Request))
#35 C:\Users\esmallwood\PhpstormProjects\blog\vendor\laravel\framework\src\Illuminate\Pipeline\Pipeline.php(141): call_user_func(Object(Closure), Object(Illuminate\Http\Request))
#36 C:\Users\esmallwood\PhpstormProjects\blog\vendor\laravel\framework\src\Illuminate\Foundation\Http\Middleware\VerifyCsrfToken.php(43): Illuminate\Pipeline\Pipeline->Illuminate\Pipeline\{closure}(Object(Illuminate\Http\Request))
#37 C:\Users\esmallwood\PhpstormProjects\blog\app\Http\Middleware\VerifyCsrfToken.php(17): Illuminate\Foundation\Http\Middleware\VerifyCsrfToken->handle(Object(Illuminate\Http\Request), Object(Closure))
#38 C:\Users\esmallwood\PhpstormProjects\blog\vendor\laravel\framework\src\Illuminate\Pipeline\Pipeline.php(125): App\Http\Middleware\VerifyCsrfToken->handle(Object(Illuminate\Http\Request), Object(Closure))
#39 C:\Users\esmallwood\PhpstormProjects\blog\vendor\laravel\framework\src\Illuminate\View\Middleware\ShareErrorsFromSession.php(55): Illuminate\Pipeline\Pipeline->Illuminate\Pipeline\{closure}(Object(Illuminate\Http\Request))
#40 C:\Users\esmallwood\PhpstormProjects\blog\vendor\laravel\framework\src\Illuminate\Pipeline\Pipeline.php(125): Illuminate\View\Middleware\ShareErrorsFromSession->handle(Object(Illuminate\Http\Request), Object(Closure))
#41 C:\Users\esmallwood\PhpstormProjects\blog\vendor\laravel\framework\src\Illuminate\Session\Middleware\StartSession.php(61): Illuminate\Pipeline\Pipeline->Illuminate\Pipeline\{closure}(Object(Illuminate\Http\Request))
#42 C:\Users\esmallwood\PhpstormProjects\blog\vendor\laravel\framework\src\Illuminate\Pipeline\Pipeline.php(125): Illuminate\Session\Middleware\StartSession->handle(Object(Illuminate\Http\Request), Object(Closure))
#43 C:\Users\esmallwood\PhpstormProjects\blog\vendor\laravel\framework\src\Illuminate\Cookie\Middleware\AddQueuedCookiesToResponse.php(36): Illuminate\Pipeline\Pipeline->Illuminate\Pipeline\{closure}(Object(Illuminate\Http\Request))
#44 C:\Users\esmallwood\PhpstormProjects\blog\vendor\laravel\framework\src\Illuminate\Pipeline\Pipeline.php(125): Illuminate\Cookie\Middleware\AddQueuedCookiesToResponse->handle(Object(Illuminate\Http\Request), Object(Closure))
#45 C:\Users\esmallwood\PhpstormProjects\blog\vendor\laravel\framework\src\Illuminate\Cookie\Middleware\EncryptCookies.php(40): Illuminate\Pipeline\Pipeline->Illuminate\Pipeline\{closure}(Object(Illuminate\Http\Request))
#46 C:\Users\esmallwood\PhpstormProjects\blog\vendor\laravel\framework\src\Illuminate\Pipeline\Pipeline.php(125): Illuminate\Cookie\Middleware\EncryptCookies->handle(Object(Illuminate\Http\Request), Object(Closure))
#47 C:\Users\esmallwood\PhpstormProjects\blog\vendor\laravel\framework\src\Illuminate\Foundation\Http\Middleware\CheckForMaintenanceMode.php(42): Illuminate\Pipeline\Pipeline->Illuminate\Pipeline\{closure}(Object(Illuminate\Http\Request))
#48 C:\Users\esmallwood\PhpstormProjects\blog\vendor\laravel\framework\src\Illuminate\Pipeline\Pipeline.php(125): Illuminate\Foundation\Http\Middleware\CheckForMaintenanceMode->handle(Object(Illuminate\Http\Request), Object(Closure))
#49 [internal function]: Illuminate\Pipeline\Pipeline->Illuminate\Pipeline\{closure}(Object(Illuminate\Http\Request))
#50 C:\Users\esmallwood\PhpstormProjects\blog\vendor\laravel\framework\src\Illuminate\Pipeline\Pipeline.php(101): call_user_func(Object(Closure), Object(Illuminate\Http\Request))
#51 C:\Users\esmallwood\PhpstormProjects\blog\vendor\laravel\framework\src\Illuminate\Foundation\Http\Kernel.php(115): Illuminate\Pipeline\Pipeline->then(Object(Closure))
#52 C:\Users\esmallwood\PhpstormProjects\blog\vendor\laravel\framework\src\Illuminate\Foundation\Http\Kernel.php(84): Illuminate\Foundation\Http\Kernel->sendRequestThroughRouter(Object(Illuminate\Http\Request))
#53 C:\Users\esmallwood\PhpstormProjects\blog\public\index.php(53): Illuminate\Foundation\Http\Kernel->handle(Object(Illuminate\Http\Request))
#54 {main}  
[2015-04-18 03:10:45] local.ERROR: exception 'PDOException' with message 'SQLSTATE[23000]: Integrity constraint violation: 19 NOT NULL constraint failed: articles.published_at' in C:\Users\esmallwood\PhpstormProjects\blog\vendor\laravel\framework\src\Illuminate\Database\Connection.php:358
Stack trace:
#0 C:\Users\esmallwood\PhpstormProjects\blog\vendor\laravel\framework\src\Illuminate\Database\Connection.php(358): PDOStatement->execute(Array)
#1 C:\Users\esmallwood\PhpstormProjects\blog\vendor\laravel\framework\src\Illuminate\Database\Connection.php(612): Illuminate\Database\Connection->Illuminate\Database\{closure}(Object(Illuminate\Database\SQLiteConnection), 'insert into "ar...', Array)
#2 C:\Users\esmallwood\PhpstormProjects\blog\vendor\laravel\framework\src\Illuminate\Database\Connection.php(576): Illuminate\Database\Connection->runQueryCallback('insert into "ar...', Array, Object(Closure))
#3 C:\Users\esmallwood\PhpstormProjects\blog\vendor\laravel\framework\src\Illuminate\Database\Connection.php(359): Illuminate\Database\Connection->run('insert into "ar...', Array, Object(Closure))
#4 C:\Users\esmallwood\PhpstormProjects\blog\vendor\laravel\framework\src\Illuminate\Database\Connection.php(316): Illuminate\Database\Connection->statement('insert into "ar...', Array)
#5 C:\Users\esmallwood\PhpstormProjects\blog\vendor\laravel\framework\src\Illuminate\Database\Query\Processors\Processor.php(30): Illuminate\Database\Connection->insert('insert into "ar...', Array)
#6 C:\Users\esmallwood\PhpstormProjects\blog\vendor\laravel\framework\src\Illuminate\Database\Query\Builder.php(1718): Illuminate\Database\Query\Processors\Processor->processInsertGetId(Object(Illuminate\Database\Query\Builder), 'insert into "ar...', Array, 'id')
#7 [internal function]: Illuminate\Database\Query\Builder->insertGetId(Array, 'id')
#8 C:\Users\esmallwood\PhpstormProjects\blog\vendor\laravel\framework\src\Illuminate\Database\Eloquent\Builder.php(933): call_user_func_array(Array, Array)
#9 C:\Users\esmallwood\PhpstormProjects\blog\vendor\laravel\framework\src\Illuminate\Database\Eloquent\Model.php(1608): Illuminate\Database\Eloquent\Builder->__call('insertGetId', Array)
#10 C:\Users\esmallwood\PhpstormProjects\blog\vendor\laravel\framework\src\Illuminate\Database\Eloquent\Model.php(1608): Illuminate\Database\Eloquent\Builder->insertGetId(Array, 'id')
#11 C:\Users\esmallwood\PhpstormProjects\blog\vendor\laravel\framework\src\Illuminate\Database\Eloquent\Model.php(1578): Illuminate\Database\Eloquent\Model->insertAndSetId(Object(Illuminate\Database\Eloquent\Builder), Array)
#12 C:\Users\esmallwood\PhpstormProjects\blog\vendor\laravel\framework\src\Illuminate\Database\Eloquent\Model.php(1484): Illuminate\Database\Eloquent\Model->performInsert(Object(Illuminate\Database\Eloquent\Builder), Array)
#13 C:\Users\esmallwood\PhpstormProjects\blog\vendor\laravel\framework\src\Illuminate\Database\Eloquent\Model.php(527): Illuminate\Database\Eloquent\Model->save()
#14 C:\Users\esmallwood\PhpstormProjects\blog\app\Http\Controllers\ArticlesController.php(26): Illuminate\Database\Eloquent\Model::create(Array)
#15 [internal function]: App\Http\Controllers\ArticlesController->store()
#16 C:\Users\esmallwood\PhpstormProjects\blog\vendor\laravel\framework\src\Illuminate\Routing\Controller.php(246): call_user_func_array(Array, Array)
#17 C:\Users\esmallwood\PhpstormProjects\blog\vendor\laravel\framework\src\Illuminate\Routing\ControllerDispatcher.php(162): Illuminate\Routing\Controller->callAction('store', Array)
#18 C:\Users\esmallwood\PhpstormProjects\blog\vendor\laravel\framework\src\Illuminate\Routing\ControllerDispatcher.php(107): Illuminate\Routing\ControllerDispatcher->call(Object(App\Http\Controllers\ArticlesController), Object(Illuminate\Routing\Route), 'store')
#19 [internal function]: Illuminate\Routing\ControllerDispatcher->Illuminate\Routing\{closure}(Object(Illuminate\Http\Request))
#20 C:\Users\esmallwood\PhpstormProjects\blog\vendor\laravel\framework\src\Illuminate\Pipeline\Pipeline.php(141): call_user_func(Object(Closure), Object(Illuminate\Http\Request))
#21 [internal function]: Illuminate\Pipeline\Pipeline->Illuminate\Pipeline\{closure}(Object(Illuminate\Http\Request))
#22 C:\Users\esmallwood\PhpstormProjects\blog\vendor\laravel\framework\src\Illuminate\Pipeline\Pipeline.php(101): call_user_func(Object(Closure), Object(Illuminate\Http\Request))
#23 C:\Users\esmallwood\PhpstormProjects\blog\vendor\laravel\framework\src\Illuminate\Routing\ControllerDispatcher.php(108): Illuminate\Pipeline\Pipeline->then(Object(Closure))
#24 C:\Users\esmallwood\PhpstormProjects\blog\vendor\laravel\framework\src\Illuminate\Routing\ControllerDispatcher.php(67): Illuminate\Routing\ControllerDispatcher->callWithinStack(Object(App\Http\Controllers\ArticlesController), Object(Illuminate\Routing\Route), Object(Illuminate\Http\Request), 'store')
#25 C:\Users\esmallwood\PhpstormProjects\blog\vendor\laravel\framework\src\Illuminate\Routing\Route.php(198): Illuminate\Routing\ControllerDispatcher->dispatch(Object(Illuminate\Routing\Route), Object(Illuminate\Http\Request), 'App\\Http\\Contro...', 'store')
#26 C:\Users\esmallwood\PhpstormProjects\blog\vendor\laravel\framework\src\Illuminate\Routing\Route.php(131): Illuminate\Routing\Route->runWithCustomDispatcher(Object(Illuminate\Http\Request))
#27 C:\Users\esmallwood\PhpstormProjects\blog\vendor\laravel\framework\src\Illuminate\Routing\Router.php(692): Illuminate\Routing\Route->run(Object(Illuminate\Http\Request))
#28 [internal function]: Illuminate\Routing\Router->Illuminate\Routing\{closure}(Object(Illuminate\Http\Request))
#29 C:\Users\esmallwood\PhpstormProjects\blog\vendor\laravel\framework\src\Illuminate\Pipeline\Pipeline.php(141): call_user_func(Object(Closure), Object(Illuminate\Http\Request))
#30 [internal function]: Illuminate\Pipeline\Pipeline->Illuminate\Pipeline\{closure}(Object(Illuminate\Http\Request))
#31 C:\Users\esmallwood\PhpstormProjects\blog\vendor\laravel\framework\src\Illuminate\Pipeline\Pipeline.php(101): call_user_func(Object(Closure), Object(Illuminate\Http\Request))
#32 C:\Users\esmallwood\PhpstormProjects\blog\vendor\laravel\framework\src\Illuminate\Routing\Router.php(694): Illuminate\Pipeline\Pipeline->then(Object(Closure))
#33 C:\Users\esmallwood\PhpstormProjects\blog\vendor\laravel\framework\src\Illuminate\Routing\Router.php(661): Illuminate\Routing\Router->runRouteWithinStack(Object(Illuminate\Routing\Route), Object(Illuminate\Http\Request))
#34 C:\Users\esmallwood\PhpstormProjects\blog\vendor\laravel\framework\src\Illuminate\Routing\Router.php(619): Illuminate\Routing\Router->dispatchToRoute(Object(Illuminate\Http\Request))
#35 C:\Users\esmallwood\PhpstormProjects\blog\vendor\laravel\framework\src\Illuminate\Foundation\Http\Kernel.php(214): Illuminate\Routing\Router->dispatch(Object(Illuminate\Http\Request))
#36 [internal function]: Illuminate\Foundation\Http\Kernel->Illuminate\Foundation\Http\{closure}(Object(Illuminate\Http\Request))
#37 C:\Users\esmallwood\PhpstormProjects\blog\vendor\laravel\framework\src\Illuminate\Pipeline\Pipeline.php(141): call_user_func(Object(Closure), Object(Illuminate\Http\Request))
#38 C:\Users\esmallwood\PhpstormProjects\blog\vendor\laravel\framework\src\Illuminate\Foundation\Http\Middleware\VerifyCsrfToken.php(43): Illuminate\Pipeline\Pipeline->Illuminate\Pipeline\{closure}(Object(Illuminate\Http\Request))
#39 C:\Users\esmallwood\PhpstormProjects\blog\app\Http\Middleware\VerifyCsrfToken.php(17): Illuminate\Foundation\Http\Middleware\VerifyCsrfToken->handle(Object(Illuminate\Http\Request), Object(Closure))
#40 C:\Users\esmallwood\PhpstormProjects\blog\vendor\laravel\framework\src\Illuminate\Pipeline\Pipeline.php(125): App\Http\Middleware\VerifyCsrfToken->handle(Object(Illuminate\Http\Request), Object(Closure))
#41 C:\Users\esmallwood\PhpstormProjects\blog\vendor\laravel\framework\src\Illuminate\View\Middleware\ShareErrorsFromSession.php(55): Illuminate\Pipeline\Pipeline->Illuminate\Pipeline\{closure}(Object(Illuminate\Http\Request))
#42 C:\Users\esmallwood\PhpstormProjects\blog\vendor\laravel\framework\src\Illuminate\Pipeline\Pipeline.php(125): Illuminate\View\Middleware\ShareErrorsFromSession->handle(Object(Illuminate\Http\Request), Object(Closure))
#43 C:\Users\esmallwood\PhpstormProjects\blog\vendor\laravel\framework\src\Illuminate\Session\Middleware\StartSession.php(61): Illuminate\Pipeline\Pipeline->Illuminate\Pipeline\{closure}(Object(Illuminate\Http\Request))
#44 C:\Users\esmallwood\PhpstormProjects\blog\vendor\laravel\framework\src\Illuminate\Pipeline\Pipeline.php(125): Illuminate\Session\Middleware\StartSession->handle(Object(Illuminate\Http\Request), Object(Closure))
#45 C:\Users\esmallwood\PhpstormProjects\blog\vendor\laravel\framework\src\Illuminate\Cookie\Middleware\AddQueuedCookiesToResponse.php(36): Illuminate\Pipeline\Pipeline->Illuminate\Pipeline\{closure}(Object(Illuminate\Http\Request))
#46 C:\Users\esmallwood\PhpstormProjects\blog\vendor\laravel\framework\src\Illuminate\Pipeline\Pipeline.php(125): Illuminate\Cookie\Middleware\AddQueuedCookiesToResponse->handle(Object(Illuminate\Http\Request), Object(Closure))
#47 C:\Users\esmallwood\PhpstormProjects\blog\vendor\laravel\framework\src\Illuminate\Cookie\Middleware\EncryptCookies.php(40): Illuminate\Pipeline\Pipeline->Illuminate\Pipeline\{closure}(Object(Illuminate\Http\Request))
#48 C:\Users\esmallwood\PhpstormProjects\blog\vendor\laravel\framework\src\Illuminate\Pipeline\Pipeline.php(125): Illuminate\Cookie\Middleware\EncryptCookies->handle(Object(Illuminate\Http\Request), Object(Closure))
#49 C:\Users\esmallwood\PhpstormProjects\blog\vendor\laravel\framework\src\Illuminate\Foundation\Http\Middleware\CheckForMaintenanceMode.php(42): Illuminate\Pipeline\Pipeline->Illuminate\Pipeline\{closure}(Object(Illuminate\Http\Request))
#50 C:\Users\esmallwood\PhpstormProjects\blog\vendor\laravel\framework\src\Illuminate\Pipeline\Pipeline.php(125): Illuminate\Foundation\Http\Middleware\CheckForMaintenanceMode->handle(Object(Illuminate\Http\Request), Object(Closure))
#51 [internal function]: Illuminate\Pipeline\Pipeline->Illuminate\Pipeline\{closure}(Object(Illuminate\Http\Request))
#52 C:\Users\esmallwood\PhpstormProjects\blog\vendor\laravel\framework\src\Illuminate\Pipeline\Pipeline.php(101): call_user_func(Object(Closure), Object(Illuminate\Http\Request))
#53 C:\Users\esmallwood\PhpstormProjects\blog\vendor\laravel\framework\src\Illuminate\Foundation\Http\Kernel.php(115): Illuminate\Pipeline\Pipeline->then(Object(Closure))
#54 C:\Users\esmallwood\PhpstormProjects\blog\vendor\laravel\framework\src\Illuminate\Foundation\Http\Kernel.php(84): Illuminate\Foundation\Http\Kernel->sendRequestThroughRouter(Object(Illuminate\Http\Request))
#55 C:\Users\esmallwood\PhpstormProjects\blog\public\index.php(53): Illuminate\Foundation\Http\Kernel->handle(Object(Illuminate\Http\Request))
#56 {main}

Next exception 'Illuminate\Database\QueryException' with message 'SQLSTATE[23000]: Integrity constraint violation: 19 NOT NULL constraint failed: articles.published_at (SQL: insert into "articles" ("title", "body", "updated_at", "created_at") values (Test, Body, 2015-04-18 03:10:45, 2015-04-18 03:10:45))' in C:\Users\esmallwood\PhpstormProjects\blog\vendor\laravel\framework\src\Illuminate\Database\Connection.php:620
Stack trace:
#0 C:\Users\esmallwood\PhpstormProjects\blog\vendor\laravel\framework\src\Illuminate\Database\Connection.php(576): Illuminate\Database\Connection->runQueryCallback('insert into "ar...', Array, Object(Closure))
#1 C:\Users\esmallwood\PhpstormProjects\blog\vendor\laravel\framework\src\Illuminate\Database\Connection.php(359): Illuminate\Database\Connection->run('insert into "ar...', Array, Object(Closure))
#2 C:\Users\esmallwood\PhpstormProjects\blog\vendor\laravel\framework\src\Illuminate\Database\Connection.php(316): Illuminate\Database\Connection->statement('insert into "ar...', Array)
#3 C:\Users\esmallwood\PhpstormProjects\blog\vendor\laravel\framework\src\Illuminate\Database\Query\Processors\Processor.php(30): Illuminate\Database\Connection->insert('insert into "ar...', Array)
#4 C:\Users\esmallwood\PhpstormProjects\blog\vendor\laravel\framework\src\Illuminate\Database\Query\Builder.php(1718): Illuminate\Database\Query\Processors\Processor->processInsertGetId(Object(Illuminate\Database\Query\Builder), 'insert into "ar...', Array, 'id')
#5 [internal function]: Illuminate\Database\Query\Builder->insertGetId(Array, 'id')
#6 C:\Users\esmallwood\PhpstormProjects\blog\vendor\laravel\framework\src\Illuminate\Database\Eloquent\Builder.php(933): call_user_func_array(Array, Array)
#7 C:\Users\esmallwood\PhpstormProjects\blog\vendor\laravel\framework\src\Illuminate\Database\Eloquent\Model.php(1608): Illuminate\Database\Eloquent\Builder->__call('insertGetId', Array)
#8 C:\Users\esmallwood\PhpstormProjects\blog\vendor\laravel\framework\src\Illuminate\Database\Eloquent\Model.php(1608): Illuminate\Database\Eloquent\Builder->insertGetId(Array, 'id')
#9 C:\Users\esmallwood\PhpstormProjects\blog\vendor\laravel\framework\src\Illuminate\Database\Eloquent\Model.php(1578): Illuminate\Database\Eloquent\Model->insertAndSetId(Object(Illuminate\Database\Eloquent\Builder), Array)
#10 C:\Users\esmallwood\PhpstormProjects\blog\vendor\laravel\framework\src\Illuminate\Database\Eloquent\Model.php(1484): Illuminate\Database\Eloquent\Model->performInsert(Object(Illuminate\Database\Eloquent\Builder), Array)
#11 C:\Users\esmallwood\PhpstormProjects\blog\vendor\laravel\framework\src\Illuminate\Database\Eloquent\Model.php(527): Illuminate\Database\Eloquent\Model->save()
#12 C:\Users\esmallwood\PhpstormProjects\blog\app\Http\Controllers\ArticlesController.php(26): Illuminate\Database\Eloquent\Model::create(Array)
#13 [internal function]: App\Http\Controllers\ArticlesController->store()
#14 C:\Users\esmallwood\PhpstormProjects\blog\vendor\laravel\framework\src\Illuminate\Routing\Controller.php(246): call_user_func_array(Array, Array)
#15 C:\Users\esmallwood\PhpstormProjects\blog\vendor\laravel\framework\src\Illuminate\Routing\ControllerDispatcher.php(162): Illuminate\Routing\Controller->callAction('store', Array)
#16 C:\Users\esmallwood\PhpstormProjects\blog\vendor\laravel\framework\src\Illuminate\Routing\ControllerDispatcher.php(107): Illuminate\Routing\ControllerDispatcher->call(Object(App\Http\Controllers\ArticlesController), Object(Illuminate\Routing\Route), 'store')
#17 [internal function]: Illuminate\Routing\ControllerDispatcher->Illuminate\Routing\{closure}(Object(Illuminate\Http\Request))
#18 C:\Users\esmallwood\PhpstormProjects\blog\vendor\laravel\framework\src\Illuminate\Pipeline\Pipeline.php(141): call_user_func(Object(Closure), Object(Illuminate\Http\Request))
#19 [internal function]: Illuminate\Pipeline\Pipeline->Illuminate\Pipeline\{closure}(Object(Illuminate\Http\Request))
#20 C:\Users\esmallwood\PhpstormProjects\blog\vendor\laravel\framework\src\Illuminate\Pipeline\Pipeline.php(101): call_user_func(Object(Closure), Object(Illuminate\Http\Request))
#21 C:\Users\esmallwood\PhpstormProjects\blog\vendor\laravel\framework\src\Illuminate\Routing\ControllerDispatcher.php(108): Illuminate\Pipeline\Pipeline->then(Object(Closure))
#22 C:\Users\esmallwood\PhpstormProjects\blog\vendor\laravel\framework\src\Illuminate\Routing\ControllerDispatcher.php(67): Illuminate\Routing\ControllerDispatcher->callWithinStack(Object(App\Http\Controllers\ArticlesController), Object(Illuminate\Routing\Route), Object(Illuminate\Http\Request), 'store')
#23 C:\Users\esmallwood\PhpstormProjects\blog\vendor\laravel\framework\src\Illuminate\Routing\Route.php(198): Illuminate\Routing\ControllerDispatcher->dispatch(Object(Illuminate\Routing\Route), Object(Illuminate\Http\Request), 'App\\Http\\Contro...', 'store')
#24 C:\Users\esmallwood\PhpstormProjects\blog\vendor\laravel\framework\src\Illuminate\Routing\Route.php(131): Illuminate\Routing\Route->runWithCustomDispatcher(Object(Illuminate\Http\Request))
#25 C:\Users\esmallwood\PhpstormProjects\blog\vendor\laravel\framework\src\Illuminate\Routing\Router.php(692): Illuminate\Routing\Route->run(Object(Illuminate\Http\Request))
#26 [internal function]: Illuminate\Routing\Router->Illuminate\Routing\{closure}(Object(Illuminate\Http\Request))
#27 C:\Users\esmallwood\PhpstormProjects\blog\vendor\laravel\framework\src\Illuminate\Pipeline\Pipeline.php(141): call_user_func(Object(Closure), Object(Illuminate\Http\Request))
#28 [internal function]: Illuminate\Pipeline\Pipeline->Illuminate\Pipeline\{closure}(Object(Illuminate\Http\Request))
#29 C:\Users\esmallwood\PhpstormProjects\blog\vendor\laravel\framework\src\Illuminate\Pipeline\Pipeline.php(101): call_user_func(Object(Closure), Object(Illuminate\Http\Request))
#30 C:\Users\esmallwood\PhpstormProjects\blog\vendor\laravel\framework\src\Illuminate\Routing\Router.php(694): Illuminate\Pipeline\Pipeline->then(Object(Closure))
#31 C:\Users\esmallwood\PhpstormProjects\blog\vendor\laravel\framework\src\Illuminate\Routing\Router.php(661): Illuminate\Routing\Router->runRouteWithinStack(Object(Illuminate\Routing\Route), Object(Illuminate\Http\Request))
#32 C:\Users\esmallwood\PhpstormProjects\blog\vendor\laravel\framework\src\Illuminate\Routing\Router.php(619): Illuminate\Routing\Router->dispatchToRoute(Object(Illuminate\Http\Request))
#33 C:\Users\esmallwood\PhpstormProjects\blog\vendor\laravel\framework\src\Illuminate\Foundation\Http\Kernel.php(214): Illuminate\Routing\Router->dispatch(Object(Illuminate\Http\Request))
#34 [internal function]: Illuminate\Foundation\Http\Kernel->Illuminate\Foundation\Http\{closure}(Object(Illuminate\Http\Request))
#35 C:\Users\esmallwood\PhpstormProjects\blog\vendor\laravel\framework\src\Illuminate\Pipeline\Pipeline.php(141): call_user_func(Object(Closure), Object(Illuminate\Http\Request))
#36 C:\Users\esmallwood\PhpstormProjects\blog\vendor\laravel\framework\src\Illuminate\Foundation\Http\Middleware\VerifyCsrfToken.php(43): Illuminate\Pipeline\Pipeline->Illuminate\Pipeline\{closure}(Object(Illuminate\Http\Request))
#37 C:\Users\esmallwood\PhpstormProjects\blog\app\Http\Middleware\VerifyCsrfToken.php(17): Illuminate\Foundation\Http\Middleware\VerifyCsrfToken->handle(Object(Illuminate\Http\Request), Object(Closure))
#38 C:\Users\esmallwood\PhpstormProjects\blog\vendor\laravel\framework\src\Illuminate\Pipeline\Pipeline.php(125): App\Http\Middleware\VerifyCsrfToken->handle(Object(Illuminate\Http\Request), Object(Closure))
#39 C:\Users\esmallwood\PhpstormProjects\blog\vendor\laravel\framework\src\Illuminate\View\Middleware\ShareErrorsFromSession.php(55): Illuminate\Pipeline\Pipeline->Illuminate\Pipeline\{closure}(Object(Illuminate\Http\Request))
#40 C:\Users\esmallwood\PhpstormProjects\blog\vendor\laravel\framework\src\Illuminate\Pipeline\Pipeline.php(125): Illuminate\View\Middleware\ShareErrorsFromSession->handle(Object(Illuminate\Http\Request), Object(Closure))
#41 C:\Users\esmallwood\PhpstormProjects\blog\vendor\laravel\framework\src\Illuminate\Session\Middleware\StartSession.php(61): Illuminate\Pipeline\Pipeline->Illuminate\Pipeline\{closure}(Object(Illuminate\Http\Request))
#42 C:\Users\esmallwood\PhpstormProjects\blog\vendor\laravel\framework\src\Illuminate\Pipeline\Pipeline.php(125): Illuminate\Session\Middleware\StartSession->handle(Object(Illuminate\Http\Request), Object(Closure))
#43 C:\Users\esmallwood\PhpstormProjects\blog\vendor\laravel\framework\src\Illuminate\Cookie\Middleware\AddQueuedCookiesToResponse.php(36): Illuminate\Pipeline\Pipeline->Illuminate\Pipeline\{closure}(Object(Illuminate\Http\Request))
#44 C:\Users\esmallwood\PhpstormProjects\blog\vendor\laravel\framework\src\Illuminate\Pipeline\Pipeline.php(125): Illuminate\Cookie\Middleware\AddQueuedCookiesToResponse->handle(Object(Illuminate\Http\Request), Object(Closure))
#45 C:\Users\esmallwood\PhpstormProjects\blog\vendor\laravel\framework\src\Illuminate\Cookie\Middleware\EncryptCookies.php(40): Illuminate\Pipeline\Pipeline->Illuminate\Pipeline\{closure}(Object(Illuminate\Http\Request))
#46 C:\Users\esmallwood\PhpstormProjects\blog\vendor\laravel\framework\src\Illuminate\Pipeline\Pipeline.php(125): Illuminate\Cookie\Middleware\EncryptCookies->handle(Object(Illuminate\Http\Request), Object(Closure))
#47 C:\Users\esmallwood\PhpstormProjects\blog\vendor\laravel\framework\src\Illuminate\Foundation\Http\Middleware\CheckForMaintenanceMode.php(42): Illuminate\Pipeline\Pipeline->Illuminate\Pipeline\{closure}(Object(Illuminate\Http\Request))
#48 C:\Users\esmallwood\PhpstormProjects\blog\vendor\laravel\framework\src\Illuminate\Pipeline\Pipeline.php(125): Illuminate\Foundation\Http\Middleware\CheckForMaintenanceMode->handle(Object(Illuminate\Http\Request), Object(Closure))
#49 [internal function]: Illuminate\Pipeline\Pipeline->Illuminate\Pipeline\{closure}(Object(Illuminate\Http\Request))
#50 C:\Users\esmallwood\PhpstormProjects\blog\vendor\laravel\framework\src\Illuminate\Pipeline\Pipeline.php(101): call_user_func(Object(Closure), Object(Illuminate\Http\Request))
#51 C:\Users\esmallwood\PhpstormProjects\blog\vendor\laravel\framework\src\Illuminate\Foundation\Http\Kernel.php(115): Illuminate\Pipeline\Pipeline->then(Object(Closure))
#52 C:\Users\esmallwood\PhpstormProjects\blog\vendor\laravel\framework\src\Illuminate\Foundation\Http\Kernel.php(84): Illuminate\Foundation\Http\Kernel->sendRequestThroughRouter(Object(Illuminate\Http\Request))
#53 C:\Users\esmallwood\PhpstormProjects\blog\public\index.php(53): Illuminate\Foundation\Http\Kernel->handle(Object(Illuminate\Http\Request))
#54 {main}  
